Arguments: 
  /Users/jawadali/.nvm/versions/node/v14.17.0/bin/node /Users/jawadali/.nvm/versions/node/v14.17.0/bin/yarn add -D vite-plugin-icons @iconify/json

PATH: 
  /Users/jawadali/.nvm/versions/node/v14.17.0/bin:/usr/local/bin:/usr/bin:/bin:/usr/sbin:/sbin:/usr/local/share/dotnet:~/.dotnet/tools:/Library/Apple/usr/bin:/Users/jawadali/.nvm/versions/node/v14.17.0/bin

Yarn version: 
  1.22.10

Node version: 
  14.17.0

Platform: 
  darwin x64

Trace: 
  Error: unexpected end of file
      at Zlib.zlibOnError [as onerror] (zlib.js:181:17)

npm manifest: 
  {
    "name": "qa-app",
    "version": "0.0.0",
    "scripts": {
      "dev": "vite",
      "build": "vue-tsc --noEmit && vite build",
      "serve": "vite preview"
    },
    "dependencies": {
      "vue": "^3.0.5"
    },
    "devDependencies": {
      "@vitejs/plugin-vue": "^1.3.0",
      "@vue/compiler-sfc": "^3.0.5",
      "autoprefixer": "^10.3.1",
      "postcss": "^8.3.6",
      "tailwindcss": "^2.2.7",
      "typescript": "^4.3.2",
      "vite": "^2.4.4",
      "vue-tsc": "^0.2.2"
    }
  }

yarn manifest: 
  No manifest

Lockfile: 
  # THIS IS AN AUTOGENERATED FILE. DO NOT EDIT THIS FILE DIRECTLY.
  # yarn lockfile v1
  
  
  "@babel/code-frame@^7.0.0":
    "integrity" "sha512-9pzDqyc6OLDaqe+zbACgFkb6fKMNG6CObKpnYXChRsvYGyEdc7CA2BaqeOM+vOtCS5ndmJicPJhKAwYRI6UfFw=="
    "resolved" "https://registry.npmjs.org/@babel/code-frame/-/code-frame-7.14.5.tgz"
    "version" "7.14.5"
    dependencies:
      "@babel/highlight" "^7.14.5"
  
  "@babel/helper-validator-identifier@^7.14.5", "@babel/helper-validator-identifier@^7.14.9":
    "integrity" "sha512-pQYxPY0UP6IHISRitNe8bsijHex4TWZXi2HwKVsjPiltzlhse2znVcm9Ace510VT1kxIHjGJCZZQBX2gJDbo0g=="
    "resolved" "https://registry.npmjs.org/@babel/helper-validator-identifier/-/helper-validator-identifier-7.14.9.tgz"
    "version" "7.14.9"
  
  "@babel/highlight@^7.14.5":
    "integrity" "sha512-qf9u2WFWVV0MppaL877j2dBtQIDgmidgjGk5VIMw3OadXvYaXn66U1BFlH2t4+t3i+8PhedppRv+i40ABzd+gg=="
    "resolved" "https://registry.npmjs.org/@babel/highlight/-/highlight-7.14.5.tgz"
    "version" "7.14.5"
    dependencies:
      "@babel/helper-validator-identifier" "^7.14.5"
      "chalk" "^2.0.0"
      "js-tokens" "^4.0.0"
  
  "@babel/parser@^7.12.0", "@babel/parser@^7.13.9", "@babel/parser@^7.6.0", "@babel/parser@^7.9.6":
    "integrity" "sha512-bMJXql1Ss8lFnvr11TZDH4ArtwlAS5NG9qBmdiFW2UHHm6MVoR+GDc5XE2b9K938cyjc9O6/+vjjcffLDtfuDg=="
    "resolved" "https://registry.npmjs.org/@babel/parser/-/parser-7.15.2.tgz"
    "version" "7.15.2"
  
  "@babel/types@^7.12.0", "@babel/types@^7.13.0", "@babel/types@^7.6.1", "@babel/types@^7.9.6":
    "integrity" "sha512-OBvfqnllOIdX4ojTHpwZbpvz4j3EWyjkZEdmjH0/cgsd6QOdSgU8rLSk6ard/pcW7rlmjdVSX/AWOaORR1uNOQ=="
    "resolved" "https://registry.npmjs.org/@babel/types/-/types-7.15.0.tgz"
    "version" "7.15.0"
    dependencies:
      "@babel/helper-validator-identifier" "^7.14.9"
      "to-fast-properties" "^2.0.0"
  
  "@emmetio/abbreviation@^2.2.2":
    "integrity" "sha512-TtE/dBnkTCct8+LntkqVrwqQao6EnPAs1YN3cUgxOxTaBlesBCY37ROUAVZrRlG64GNnVShdl/b70RfAI3w5lw=="
    "resolved" "https://registry.npmjs.org/@emmetio/abbreviation/-/abbreviation-2.2.2.tgz"
    "version" "2.2.2"
    dependencies:
      "@emmetio/scanner" "^1.0.0"
  
  "@emmetio/css-abbreviation@^2.1.4":
    "integrity" "sha512-qk9L60Y+uRtM5CPbB0y+QNl/1XKE09mSO+AhhSauIfr2YOx/ta3NJw2d8RtCFxgzHeRqFRr8jgyzThbu+MZ4Uw=="
    "resolved" "https://registry.npmjs.org/@emmetio/css-abbreviation/-/css-abbreviation-2.1.4.tgz"
    "version" "2.1.4"
    dependencies:
      "@emmetio/scanner" "^1.0.0"
  
  "@emmetio/scanner@^1.0.0":
    "integrity" "sha512-8HqW8EVqjnCmWXVpqAOZf+EGESdkR27odcMMMGefgKXtar00SoYNSryGv//TELI4T3QFsECo78p+0lmalk/CFA=="
    "resolved" "https://registry.npmjs.org/@emmetio/scanner/-/scanner-1.0.0.tgz"
    "version" "1.0.0"
  
  "@nodelib/fs.scandir@2.1.5":
    "integrity" "sha512-vq24Bq3ym5HEQm2NKCr3yXDwjc7vTsEThRDnkp2DK9p1uqLR+DHurm/NOTo0KG7HYHU7eppKZj3MyqYuMBf62g=="
    "resolved" "https://registry.npmjs.org/@nodelib/fs.scandir/-/fs.scandir-2.1.5.tgz"
    "version" "2.1.5"
    dependencies:
      "@nodelib/fs.stat" "2.0.5"
      "run-parallel" "^1.1.9"
  
  "@nodelib/fs.stat@^2.0.2", "@nodelib/fs.stat@2.0.5":
    "integrity" "sha512-RkhPPp2zrqDAQA/2jNhnztcPAlv64XdhIp7a7454A5ovI7Bukxgt7MX7udwAu3zg1DcpPU0rz3VV1SeaqvY4+A=="
    "resolved" "https://registry.npmjs.org/@nodelib/fs.stat/-/fs.stat-2.0.5.tgz"
    "version" "2.0.5"
  
  "@nodelib/fs.walk@^1.2.3":
    "integrity" "sha512-oGB+UxlgWcgQkgwo8GcEGwemoTFt3FIO9ababBmaGwXIoBKZ+GTy0pP185beGg7Llih/NSHSV2XAs1lnznocSg=="
    "resolved" "https://registry.npmjs.org/@nodelib/fs.walk/-/fs.walk-1.2.8.tgz"
    "version" "1.2.8"
    dependencies:
      "@nodelib/fs.scandir" "2.1.5"
      "fastq" "^1.6.0"
  
  "@types/estree@^0.0.48":
    "integrity" "sha512-LfZwXoGUDo0C3me81HXgkBg5CTQYb6xzEl+fNmbO4JdRiSKQ8A0GD1OBBvKAIsbCUgoyAty7m99GqqMQe784ew=="
    "resolved" "https://registry.npmjs.org/@types/estree/-/estree-0.0.48.tgz"
    "version" "0.0.48"
  
  "@types/parse-json@^4.0.0":
    "integrity" "sha512-//oorEZjL6sbPcKUaCdIGlIUeH26mgzimjBB77G6XRgnDl/L5wOnpyBGRe/Mmf5CVW3PwEBE1NjiMZ/ssFh4wA=="
    "resolved" "https://registry.npmjs.org/@types/parse-json/-/parse-json-4.0.0.tgz"
    "version" "4.0.0"
  
  "@vitejs/plugin-vue@^1.3.0":
    "integrity" "sha512-RkqfJHz9wdLKBp5Yi+kQL8BAljdrvPoccQm2PTZc/UcL4EjD11xsv2PPCduYx2oV1a/bpSKA3sD5sxOHFhz+LA=="
    "resolved" "https://registry.npmjs.org/@vitejs/plugin-vue/-/plugin-vue-1.4.0.tgz"
    "version" "1.4.0"
  
  "@volar/code-gen@^0.26.14":
    "integrity" "sha512-MIi40juC6EFqNsnNRVxr88a+b0uXgAVM77iarAiSrlFgiwbIuFVFmq9QNZN5RStq/2lZwk5+oYvAfv/MGJ4rTw=="
    "resolved" "https://registry.npmjs.org/@volar/code-gen/-/code-gen-0.26.14.tgz"
    "version" "0.26.14"
    dependencies:
      "@volar/shared" "^0.26.14"
      "@volar/source-map" "^0.26.14"
  
  "@volar/html2pug@^0.26.14":
    "integrity" "sha512-u2f2WM4FVgvQ/mmezmHmUP0ERXTmmK163XmEm3ldmsNILVknCmKxBLClPdER8s0u4XHy1EEFD6RIADZ6Qui9rw=="
    "resolved" "https://registry.npmjs.org/@volar/html2pug/-/html2pug-0.26.14.tgz"
    "version" "0.26.14"
    dependencies:
      "domelementtype" "^2.2.0"
      "domhandler" "^4.2.0"
      "htmlparser2" "^6.1.0"
      "pug" "^3.0.2"
  
  "@volar/shared@^0.26.14":
    "integrity" "sha512-LT0wVmI/FE/K/OSE5tkE6P+ivBvN8ALmqcs8HTNii3ZNfa4G7ImEXLMTtKRw7bNcWw7VCSZ90af/IQzW/5U3OA=="
    "resolved" "https://registry.npmjs.org/@volar/shared/-/shared-0.26.14.tgz"
    "version" "0.26.14"
    dependencies:
      "upath" "^2.0.1"
      "vscode-jsonrpc" "^8.0.0-next.1"
  
  "@volar/source-map@^0.26.14":
    "integrity" "sha512-jrP09r3laUrrRi142sfIPQPLLnCSHxHtCjknY4TYmL1ar1ogx9TERxKMVXSp7Q0RcsZ/4SanoLMnTaj+GtvlZg=="
    "resolved" "https://registry.npmjs.org/@volar/source-map/-/source-map-0.26.14.tgz"
    "version" "0.26.14"
    dependencies:
      "@volar/shared" "^0.26.14"
  
  "@volar/transforms@^0.26.14":
    "integrity" "sha512-HFJRblybro7amlL6PmZvY3WlMEik0cEq4bnUuisM69544ycYp9bHhcUB1enWId1E8U09bOlNv3Nllw+CbL04ag=="
    "resolved" "https://registry.npmjs.org/@volar/transforms/-/transforms-0.26.14.tgz"
    "version" "0.26.14"
    dependencies:
      "@volar/shared" "^0.26.14"
  
  "@vue/compiler-core@3.1.5":
    "integrity" "sha512-TXBhFinoBaXKDykJzY26UEuQU1K07FOp/0Ie+OXySqqk0bS0ZO7Xvl7UmiTUPYcLrWbxWBR7Bs/y55AI0MNc2Q=="
    "resolved" "https://registry.npmjs.org/@vue/compiler-core/-/compiler-core-3.1.5.tgz"
    "version" "3.1.5"
    dependencies:
      "@babel/parser" "^7.12.0"
      "@babel/types" "^7.12.0"
      "@vue/shared" "3.1.5"
      "estree-walker" "^2.0.1"
      "source-map" "^0.6.1"
  
  "@vue/compiler-core@3.2.0-beta.8":
    "integrity" "sha512-nVJk+DMl0tY9e4FLKcxyWQEtnLwHhW9K3rq15oqNhnRGP/mk2zN1y/BDAC7hQv1MxU3RX4X8fUOw0EbzVl/vDA=="
    "resolved" "https://registry.npmjs.org/@vue/compiler-core/-/compiler-core-3.2.0-beta.8.tgz"
    "version" "3.2.0-beta.8"
    dependencies:
      "@babel/parser" "^7.12.0"
      "@babel/types" "^7.12.0"
      "@vue/shared" "3.2.0-beta.8"
      "estree-walker" "^2.0.1"
      "source-map" "^0.6.1"
  
  "@vue/compiler-dom@^3.2.0-beta.5", "@vue/compiler-dom@3.2.0-beta.8":
    "integrity" "sha512-A2RwLyUkN0jsC0fx/VOR1POzN64ZAzSFtnkhhuSs81K7MsIW0OgYmmFutqLJiycTSBXEs+yZ6J9cZPBhcfPxeg=="
    "resolved" "https://registry.npmjs.org/@vue/compiler-dom/-/compiler-dom-3.2.0-beta.8.tgz"
    "version" "3.2.0-beta.8"
    dependencies:
      "@vue/compiler-core" "3.2.0-beta.8"
      "@vue/shared" "3.2.0-beta.8"
  
  "@vue/compiler-dom@3.1.5":
    "integrity" "sha512-ZsL3jqJ52OjGU/YiT/9XiuZAmWClKInZM2aFJh9gnsAPqOrj2JIELMbkIFpVKR/CrVO/f2VxfPiiQdQTr65jcQ=="
    "resolved" "https://registry.npmjs.org/@vue/compiler-dom/-/compiler-dom-3.1.5.tgz"
    "version" "3.1.5"
    dependencies:
      "@vue/compiler-core" "3.1.5"
      "@vue/shared" "3.1.5"
  
  "@vue/compiler-sfc@^3.0.5", "@vue/compiler-sfc@^3.0.8":
    "integrity" "sha512-mtMY6xMvZeSRx9MTa1+NgJWndrkzVTdJ1pQAmAKQuxyb5LsHVvrgP7kcQFvxPHVpLVTORbTJWHaiqoKrJvi1iA=="
    "resolved" "https://registry.npmjs.org/@vue/compiler-sfc/-/compiler-sfc-3.1.5.tgz"
    "version" "3.1.5"
    dependencies:
      "@babel/parser" "^7.13.9"
      "@babel/types" "^7.13.0"
      "@types/estree" "^0.0.48"
      "@vue/compiler-core" "3.1.5"
      "@vue/compiler-dom" "3.1.5"
      "@vue/compiler-ssr" "3.1.5"
      "@vue/shared" "3.1.5"
      "consolidate" "^0.16.0"
      "estree-walker" "^2.0.1"
      "hash-sum" "^2.0.0"
      "lru-cache" "^5.1.1"
      "magic-string" "^0.25.7"
      "merge-source-map" "^1.1.0"
      "postcss" "^8.1.10"
      "postcss-modules" "^4.0.0"
      "postcss-selector-parser" "^6.0.4"
      "source-map" "^0.6.1"
  
  "@vue/compiler-sfc@^3.2.0-beta.5":
    "integrity" "sha512-5kfSiJUtpvBmTazUFDiGGvLTI5lDuJJY/R7jRRE9uBHcxHs7iSveToMYldwQ7tiVB+L1QFItXBLp4o/0uPlmcQ=="
    "resolved" "https://registry.npmjs.org/@vue/compiler-sfc/-/compiler-sfc-3.2.0-beta.8.tgz"
    "version" "3.2.0-beta.8"
    dependencies:
      "@babel/parser" "^7.13.9"
      "@babel/types" "^7.13.0"
      "@types/estree" "^0.0.48"
      "@vue/compiler-core" "3.2.0-beta.8"
      "@vue/compiler-dom" "3.2.0-beta.8"
      "@vue/compiler-ssr" "3.2.0-beta.8"
      "@vue/shared" "3.2.0-beta.8"
      "consolidate" "^0.16.0"
      "estree-walker" "^2.0.1"
      "hash-sum" "^2.0.0"
      "lru-cache" "^5.1.1"
      "magic-string" "^0.25.7"
      "merge-source-map" "^1.1.0"
      "postcss" "^8.1.10"
      "postcss-modules" "^4.0.0"
      "postcss-selector-parser" "^6.0.4"
      "source-map" "^0.6.1"
  
  "@vue/compiler-ssr@3.1.5":
    "integrity" "sha512-CU5N7Di/a4lyJ18LGJxJYZS2a8PlLdWpWHX9p/XcsjT2TngMpj3QvHVRkuik2u8QrIDZ8OpYmTyj1WDNsOV+Dg=="
    "resolved" "https://registry.npmjs.org/@vue/compiler-ssr/-/compiler-ssr-3.1.5.tgz"
    "version" "3.1.5"
    dependencies:
      "@vue/compiler-dom" "3.1.5"
      "@vue/shared" "3.1.5"
  
  "@vue/compiler-ssr@3.2.0-beta.8":
    "integrity" "sha512-BdQfgIQ3CTO6tlCJ+KWn5vkNBG06voPs56UQ6TKWj2LmP/wWuxkaGZU2YlszvOERY1oJWQxs54SdGFK8hq70Ww=="
    "resolved" "https://registry.npmjs.org/@vue/compiler-ssr/-/compiler-ssr-3.2.0-beta.8.tgz"
    "version" "3.2.0-beta.8"
    dependencies:
      "@vue/compiler-dom" "3.2.0-beta.8"
      "@vue/shared" "3.2.0-beta.8"
  
  "@vue/reactivity@^3.2.0-beta.5":
    "integrity" "sha512-LqLvqdLvd+0HeANDWiDVDe5qka9FHjFsVabwJwamqttsKOqDiXehhFST3gPAuUpcGS5UKzNUt040YhdeO7D8YA=="
    "resolved" "https://registry.npmjs.org/@vue/reactivity/-/reactivity-3.2.0-beta.8.tgz"
    "version" "3.2.0-beta.8"
    dependencies:
      "@vue/shared" "3.2.0-beta.8"
  
  "@vue/reactivity@3.1.5":
    "integrity" "sha512-1tdfLmNjWG6t/CsPldh+foumYFo3cpyCHgBYQ34ylaMsJ+SNHQ1kApMIa8jN+i593zQuaw3AdWH0nJTARzCFhg=="
    "resolved" "https://registry.npmjs.org/@vue/reactivity/-/reactivity-3.1.5.tgz"
    "version" "3.1.5"
    dependencies:
      "@vue/shared" "3.1.5"
  
  "@vue/runtime-core@3.1.5":
    "integrity" "sha512-YQbG5cBktN1RowQDKA22itmvQ+b40f0WgQ6CXK4VYoYICAiAfu6Cc14777ve8zp1rJRGtk5oIeS149TOculrTg=="
    "resolved" "https://registry.npmjs.org/@vue/runtime-core/-/runtime-core-3.1.5.tgz"
    "version" "3.1.5"
    dependencies:
      "@vue/reactivity" "3.1.5"
      "@vue/shared" "3.1.5"
  
  "@vue/runtime-dom@3.1.5":
    "integrity" "sha512-tNcf3JhVR0RfW0kw1p8xZgv30nvX8Y9rsz7eiQ0dHe273sfoCngAG0y4GvMaY4Xd8FsjUwFedd4suQ8Lu8meXg=="
    "resolved" "https://registry.npmjs.org/@vue/runtime-dom/-/runtime-dom-3.1.5.tgz"
    "version" "3.1.5"
    dependencies:
      "@vue/runtime-core" "3.1.5"
      "@vue/shared" "3.1.5"
      "csstype" "^2.6.8"
  
  "@vue/shared@^3.2.0-beta.5":
    "integrity" "sha512-DprP8v3vg/nnfl4b93hJ+ujojiFAMwXbng8N9NpNDSuFMZG0zFO3Tqh3X1JQgaE7jUgYoQzR2TTGCKNb/4+QGA=="
    "resolved" "https://registry.npmjs.org/@vue/shared/-/shared-3.2.0-beta.5.tgz"
    "version" "3.2.0-beta.5"
  
  "@vue/shared@3.1.5":
    "integrity" "sha512-oJ4F3TnvpXaQwZJNF3ZK+kLPHKarDmJjJ6jyzVNDKH9md1dptjC7lWR//jrGuLdek/U6iltWxqAnYOu8gCiOvA=="
    "resolved" "https://registry.npmjs.org/@vue/shared/-/shared-3.1.5.tgz"
    "version" "3.1.5"
  
  "@vue/shared@3.2.0-beta.8":
    "integrity" "sha512-+9azBIVNUvrUDyvUk/0/yp0FZ4RjAWfZf0CSrpgt+y3Pn4tj4qtUChvEgZ4pO2F6vQ3wGliUjh9YydVlYGgmCg=="
    "resolved" "https://registry.npmjs.org/@vue/shared/-/shared-3.2.0-beta.8.tgz"
    "version" "3.2.0-beta.8"
  
  "acorn-node@^1.6.1":
    "integrity" "sha512-8mt+fslDufLYntIoPAaIMUe/lrbrehIiwmR3t2k9LljIzoigEPF27eLk2hy8zSGzmR/ogr7zbRKINMo1u0yh5A=="
    "resolved" "https://registry.npmjs.org/acorn-node/-/acorn-node-1.8.2.tgz"
    "version" "1.8.2"
    dependencies:
      "acorn" "^7.0.0"
      "acorn-walk" "^7.0.0"
      "xtend" "^4.0.2"
  
  "acorn-walk@^7.0.0":
    "integrity" "sha512-OPdCF6GsMIP+Az+aWfAAOEt2/+iVDKE7oy6lJ098aoe59oAmK76qV6Gw60SbZ8jHuG2wH058GF4pLFbYamYrVA=="
    "resolved" "https://registry.npmjs.org/acorn-walk/-/acorn-walk-7.2.0.tgz"
    "version" "7.2.0"
  
  "acorn@^7.0.0", "acorn@^7.1.1":
    "integrity" "sha512-nQyp0o1/mNdbTO1PO6kHkwSrmgZ0MT/jCCpNiwbUjGoRN4dlBhqJtoQuCnEOKzgTVwg0ZWiCoQy6SxMebQVh8A=="
    "resolved" "https://registry.npmjs.org/acorn/-/acorn-7.4.1.tgz"
    "version" "7.4.1"
  
  "ansi-styles@^3.2.1":
    "integrity" "sha512-VT0ZI6kZRdTh8YyJw3SMbYm/u+NqfsAxEpWO0Pf9sq8/e94WxxOpPKx9FR1FlyCtOVDNOQ+8ntlqFxiRc+r5qA=="
    "resolved" "https://registry.npmjs.org/ansi-styles/-/ansi-styles-3.2.1.tgz"
    "version" "3.2.1"
    dependencies:
      "color-convert" "^1.9.0"
  
  "ansi-styles@^4.1.0":
    "integrity" "sha512-zbB9rCJAT1rbjiVDb2hqKFHNYLxgtk8NURxZ3IZwD3F6NtxbXZQCnnSi1Lkx+IDohdPlFp222wVALIheZJQSEg=="
    "resolved" "https://registry.npmjs.org/ansi-styles/-/ansi-styles-4.3.0.tgz"
    "version" "4.3.0"
    dependencies:
      "color-convert" "^2.0.1"
  
  "anymatch@~3.1.2":
    "integrity" "sha512-P43ePfOAIupkguHUycrc4qJ9kz8ZiuOUijaETwX7THt0Y/GNK7v0aa8rY816xWjZ7rJdA5XdMcpVFTKMq+RvWg=="
    "resolved" "https://registry.npmjs.org/anymatch/-/anymatch-3.1.2.tgz"
    "version" "3.1.2"
    dependencies:
      "normalize-path" "^3.0.0"
      "picomatch" "^2.0.4"
  
  "arg@^5.0.0":
    "integrity" "sha512-4P8Zm2H+BRS+c/xX1LrHw0qKpEhdlZjLCgWy+d78T9vqa2Z2SiD2wMrYuWIAFy5IZUD7nnNXroRttz+0RzlrzQ=="
    "resolved" "https://registry.npmjs.org/arg/-/arg-5.0.0.tgz"
    "version" "5.0.0"
  
  "asap@~2.0.3":
    "integrity" "sha1-5QNHYR1+aQlDIIu9r+vLwvuGbUY="
    "resolved" "https://registry.npmjs.org/asap/-/asap-2.0.6.tgz"
    "version" "2.0.6"
  
  "assert-never@^1.2.1":
    "integrity" "sha512-TaTivMB6pYI1kXwrFlEhLeGfOqoDNdTxjCdwRfFFkEA30Eu+k48W34nlok2EYWJfFFzqaEmichdNM7th6M5HNw=="
    "resolved" "https://registry.npmjs.org/assert-never/-/assert-never-1.2.1.tgz"
    "version" "1.2.1"
  
  "autoprefixer@^10.0.2", "autoprefixer@^10.3.1":
    "integrity" "sha512-L8AmtKzdiRyYg7BUXJTzigmhbQRCXFKz6SA1Lqo0+AR2FBbQ4aTAPFSDlOutnFkjhiz8my4agGXog1xlMjPJ6A=="
    "resolved" "https://registry.npmjs.org/autoprefixer/-/autoprefixer-10.3.1.tgz"
    "version" "10.3.1"
    dependencies:
      "browserslist" "^4.16.6"
      "caniuse-lite" "^1.0.30001243"
      "colorette" "^1.2.2"
      "fraction.js" "^4.1.1"
      "normalize-range" "^0.1.2"
      "postcss-value-parser" "^4.1.0"
  
  "babel-walk@3.0.0-canary-5":
    "integrity" "sha512-GAwkz0AihzY5bkwIY5QDR+LvsRQgB/B+1foMPvi0FZPMl5fjD7ICiznUiBdLYMH1QYe6vqu4gWYytZOccLouFw=="
    "resolved" "https://registry.npmjs.org/babel-walk/-/babel-walk-3.0.0-canary-5.tgz"
    "version" "3.0.0-canary-5"
    dependencies:
      "@babel/types" "^7.9.6"
  
  "balanced-match@^1.0.0":
    "integrity" "sha512-3oSeUO0TMV67hN1AmbXsK4yaqU7tjiHlbxRDZOpH0KW9+CeX4bRAaX0Anxt0tx2MrpRpWwQaPwIlISEJhYU5Pw=="
    "resolved" "https://registry.npmjs.org/balanced-match/-/balanced-match-1.0.2.tgz"
    "version" "1.0.2"
  
  "big.js@^5.2.2":
    "integrity" "sha512-vyL2OymJxmarO8gxMr0mhChsO9QGwhynfuu4+MHTAW6czfq9humCB7rKpUjDd9YUiDPU4mzpyupFSvOClAwbmQ=="
    "resolved" "https://registry.npmjs.org/big.js/-/big.js-5.2.2.tgz"
    "version" "5.2.2"
  
  "binary-extensions@^2.0.0":
    "integrity" "sha512-jDctJ/IVQbZoJykoeHbhXpOlNBqGNcwXJKJog42E5HDPUwQTSdjCHdihjj0DlnheQ7blbT6dHOafNAiS8ooQKA=="
    "resolved" "https://registry.npmjs.org/binary-extensions/-/binary-extensions-2.2.0.tgz"
    "version" "2.2.0"
  
  "bluebird@^3.7.2":
    "integrity" "sha512-XpNj6GDQzdfW+r2Wnn7xiSAd7TM3jzkxGXBGTtWKuSXv1xUV+azxAm8jdWZN06QTQk+2N2XB9jRDkvbmQmcRtg=="
    "resolved" "https://registry.npmjs.org/bluebird/-/bluebird-3.7.2.tgz"
    "version" "3.7.2"
  
  "brace-expansion@^1.1.7":
    "integrity" "sha512-iCuPHDFgrHX7H2vEI/5xpz07zSHB00TpugqhmYtVmMO6518mCuRMoOYFldEBl0g187ufozdaHgWKcYFb61qGiA=="
    "resolved" "https://registry.npmjs.org/brace-expansion/-/brace-expansion-1.1.11.tgz"
    "version" "1.1.11"
    dependencies:
      "balanced-match" "^1.0.0"
      "concat-map" "0.0.1"
  
  "braces@^3.0.1", "braces@~3.0.2":
    "integrity" "sha512-b8um+L1RzM3WDSzvhm6gIz1yfTbBt6YTlcEKAvsmqCZZFw46z626lVj9j1yEPW33H5H+lBQpZMP1k8l+78Ha0A=="
    "resolved" "https://registry.npmjs.org/braces/-/braces-3.0.2.tgz"
    "version" "3.0.2"
    dependencies:
      "fill-range" "^7.0.1"
  
  "browserslist@^4.16.6":
    "integrity" "sha512-7I4qVwqZltJ7j37wObBe3SoTz+nS8APaNcrBOlgoirb6/HbEU2XxW/LpUDTCngM6iauwFqmRTuOMfyKnFGY5JA=="
    "resolved" "https://registry.npmjs.org/browserslist/-/browserslist-4.16.7.tgz"
    "version" "4.16.7"
    dependencies:
      "caniuse-lite" "^1.0.30001248"
      "colorette" "^1.2.2"
      "electron-to-chromium" "^1.3.793"
      "escalade" "^3.1.1"
      "node-releases" "^1.1.73"
  
  "bytes@^3.0.0":
    "integrity" "sha512-zauLjrfCG+xvoyaqLoV8bLVXXNGC4JqlxFCutSDWA6fJrTo2ZuvLYTqZ7aHBLZSMOopbzwv8f+wZcVzfVTI2Dg=="
    "resolved" "https://registry.npmjs.org/bytes/-/bytes-3.1.0.tgz"
    "version" "3.1.0"
  
  "call-bind@^1.0.2":
    "integrity" "sha512-7O+FbCihrB5WGbFYesctwmTKae6rOiIzmz1icreWJ+0aA7LJfuqhEso2T9ncpcFtzMQtzXf2QGGueWJGTYsqrA=="
    "resolved" "https://registry.npmjs.org/call-bind/-/call-bind-1.0.2.tgz"
    "version" "1.0.2"
    dependencies:
      "function-bind" "^1.1.1"
      "get-intrinsic" "^1.0.2"
  
  "callsites@^3.0.0":
    "integrity" "sha512-P8BjAsXvZS+VIDUI11hHCQEv74YT67YUi5JJFNWIqL235sBmjX4+qx9Muvls5ivyNENctx46xQLQ3aTuE7ssaQ=="
    "resolved" "https://registry.npmjs.org/callsites/-/callsites-3.1.0.tgz"
    "version" "3.1.0"
  
  "camelcase-css@^2.0.1":
    "integrity" "sha512-QOSvevhslijgYwRx6Rv7zKdMF8lbRmx+uQGx2+vDc+KI/eBnsy9kit5aj23AgGu3pa4t9AgwbnXWqS+iOY+2aA=="
    "resolved" "https://registry.npmjs.org/camelcase-css/-/camelcase-css-2.0.1.tgz"
    "version" "2.0.1"
  
  "caniuse-lite@^1.0.30001243", "caniuse-lite@^1.0.30001248":
    "integrity" "sha512-vcX4U8lwVXPdqzPWi6cAJ3FnQaqXbBqy/GZseKNQzRj37J7qZdGcBtxq/QLFNLLlfsoXLUdHw8Iwenri86Tagw=="
    "resolved" "https://registry.npmjs.org/caniuse-lite/-/caniuse-lite-1.0.30001249.tgz"
    "version" "1.0.30001249"
  
  "chalk@^2.0.0":
    "integrity" "sha512-Mti+f9lpJNcwF4tWV8/OrTTtF1gZi+f8FqlyAdouralcFWFQWF2+NgCHShjkCb+IFBLq9buZwE1xckQU4peSuQ=="
    "resolved" "https://registry.npmjs.org/chalk/-/chalk-2.4.2.tgz"
    "version" "2.4.2"
    dependencies:
      "ansi-styles" "^3.2.1"
      "escape-string-regexp" "^1.0.5"
      "supports-color" "^5.3.0"
  
  "chalk@^4.1.1":
    "integrity" "sha512-oKnbhFyRIXpUuez8iBMmyEa4nbj4IOQyuhc/wy9kY7/WVPcwIO9VA668Pu8RkO7+0G76SLROeyw9CpQ061i4mA=="
    "resolved" "https://registry.npmjs.org/chalk/-/chalk-4.1.2.tgz"
    "version" "4.1.2"
    dependencies:
      "ansi-styles" "^4.1.0"
      "supports-color" "^7.1.0"
  
  "character-parser@^2.2.0":
    "integrity" "sha1-x84o821LzZdE5f/CxfzeHHMmH8A="
    "resolved" "https://registry.npmjs.org/character-parser/-/character-parser-2.2.0.tgz"
    "version" "2.2.0"
    dependencies:
      "is-regex" "^1.0.3"
  
  "chokidar@^3.5.2":
    "integrity" "sha512-ekGhOnNVPgT77r4K/U3GDhu+FQ2S8TnK/s2KbIGXi0SZWuwkZ2QNyfWdZW+TVfn84DpEP7rLeCt2UI6bJ8GwbQ=="
    "resolved" "https://registry.npmjs.org/chokidar/-/chokidar-3.5.2.tgz"
    "version" "3.5.2"
    dependencies:
      "anymatch" "~3.1.2"
      "braces" "~3.0.2"
      "glob-parent" "~5.1.2"
      "is-binary-path" "~2.1.0"
      "is-glob" "~4.0.1"
      "normalize-path" "~3.0.0"
      "readdirp" "~3.6.0"
    optionalDependencies:
      "fsevents" "~2.3.2"
  
  "color-convert@^1.9.0":
    "integrity" "sha512-QfAUtd+vFdAtFQcC8CCyYt1fYWxSqAiK2cSD6zDB8N3cpsEBAvRxp9zOGg6G/SHHJYAT88/az/IuDGALsNVbGg=="
    "resolved" "https://registry.npmjs.org/color-convert/-/color-convert-1.9.3.tgz"
    "version" "1.9.3"
    dependencies:
      "color-name" "1.1.3"
  
  "color-convert@^1.9.3":
    "integrity" "sha512-QfAUtd+vFdAtFQcC8CCyYt1fYWxSqAiK2cSD6zDB8N3cpsEBAvRxp9zOGg6G/SHHJYAT88/az/IuDGALsNVbGg=="
    "resolved" "https://registry.npmjs.org/color-convert/-/color-convert-1.9.3.tgz"
    "version" "1.9.3"
    dependencies:
      "color-name" "1.1.3"
  
  "color-convert@^2.0.1":
    "integrity" "sha512-RRECPsj7iu/xb5oKYcsFHSppFNnsj/52OVTRKb4zP5onXwVF3zVmmToNcOfGC+CRDpfK/U584fMg38ZHCaElKQ=="
    "resolved" "https://registry.npmjs.org/color-convert/-/color-convert-2.0.1.tgz"
    "version" "2.0.1"
    dependencies:
      "color-name" "~1.1.4"
  
  "color-name@^1.0.0", "color-name@~1.1.4":
    "integrity" "sha512-dOy+3AuW3a2wNbZHIuMZpTcgjGuLU/uBL/ubcZF9OXbDo8ff4O8yVp5Bf0efS8uEoYo5q4Fx7dY9OgQGXgAsQA=="
    "resolved" "https://registry.npmjs.org/color-name/-/color-name-1.1.4.tgz"
    "version" "1.1.4"
  
  "color-name@1.1.3":
    "integrity" "sha1-p9BVi9icQveV3UIyj3QIMcpTvCU="
    "resolved" "https://registry.npmjs.org/color-name/-/color-name-1.1.3.tgz"
    "version" "1.1.3"
  
  "color-string@^1.6.0":
    "integrity" "sha512-c/hGS+kRWJutUBEngKKmk4iH3sD59MBkoxVapS/0wgpCz2u7XsNloxknyvBhzwEs1IbV36D9PwqLPJ2DTu3vMA=="
    "resolved" "https://registry.npmjs.org/color-string/-/color-string-1.6.0.tgz"
    "version" "1.6.0"
    dependencies:
      "color-name" "^1.0.0"
      "simple-swizzle" "^0.2.2"
  
  "color@^3.2.0":
    "integrity" "sha512-aBl7dZI9ENN6fUGC7mWpMTPNHmWUSNan9tuWN6ahh5ZLNk9baLJOnSMlrQkHcrfFgz2/RigjUVAjdx36VcemKA=="
    "resolved" "https://registry.npmjs.org/color/-/color-3.2.1.tgz"
    "version" "3.2.1"
    dependencies:
      "color-convert" "^1.9.3"
      "color-string" "^1.6.0"
  
  "colorette@^1.2.2":
    "integrity" "sha512-MKGMzyfeuutC/ZJ1cba9NqcNpfeqMUcYmyF1ZFY6/Cn7CNSAKx6a+s48sqLqyAiZuaP2TcqMhoo+dlwFnVxT9w=="
    "resolved" "https://registry.npmjs.org/colorette/-/colorette-1.2.2.tgz"
    "version" "1.2.2"
  
  "commander@^6.0.0":
    "integrity" "sha512-U7VdrJFnJgo4xjrHpTzu0yrHPGImdsmD95ZlgYSEajAn2JKzDhDTPG9kBTefmObL2w/ngeZnilk+OV9CG3d7UA=="
    "resolved" "https://registry.npmjs.org/commander/-/commander-6.2.1.tgz"
    "version" "6.2.1"
  
  "concat-map@0.0.1":
    "integrity" "sha1-2Klr13/Wjfd5OnMDajug1UBdR3s="
    "resolved" "https://registry.npmjs.org/concat-map/-/concat-map-0.0.1.tgz"
    "version" "0.0.1"
  
  "consolidate@^0.16.0":
    "integrity" "sha512-Nhl1wzCslqXYTJVDyJCu3ODohy9OfBMB5uD2BiBTzd7w+QY0lBzafkR8y8755yMYHAaMD4NuzbAw03/xzfw+eQ=="
    "resolved" "https://registry.npmjs.org/consolidate/-/consolidate-0.16.0.tgz"
    "version" "0.16.0"
    dependencies:
      "bluebird" "^3.7.2"
  
  "constantinople@^4.0.1":
    "integrity" "sha512-vCrqcSIq4//Gx74TXXCGnHpulY1dskqLTFGDmhrGxzeXL8lF8kvXv6mpNWlJj1uD4DW23D4ljAqbY4RRaaUZIw=="
    "resolved" "https://registry.npmjs.org/constantinople/-/constantinople-4.0.1.tgz"
    "version" "4.0.1"
    dependencies:
      "@babel/parser" "^7.6.0"
      "@babel/types" "^7.6.1"
  
  "cosmiconfig@^7.0.0":
    "integrity" "sha512-pondGvTuVYDk++upghXJabWzL6Kxu6f26ljFw64Swq9v6sQPUL3EUlVDV56diOjpCayKihL6hVe8exIACU4XcA=="
    "resolved" "https://registry.npmjs.org/cosmiconfig/-/cosmiconfig-7.0.0.tgz"
    "version" "7.0.0"
    dependencies:
      "@types/parse-json" "^4.0.0"
      "import-fresh" "^3.2.1"
      "parse-json" "^5.0.0"
      "path-type" "^4.0.0"
      "yaml" "^1.10.0"
  
  "css-unit-converter@^1.1.1":
    "integrity" "sha512-IiJwMC8rdZE0+xiEZHeru6YoONC4rfPMqGm2W85jMIbkFvv5nFTwJVFHam2eFrN6txmoUYFAFXiv8ICVeTO0MA=="
    "resolved" "https://registry.npmjs.org/css-unit-converter/-/css-unit-converter-1.1.2.tgz"
    "version" "1.1.2"
  
  "cssesc@^3.0.0":
    "integrity" "sha512-/Tb/JcjK111nNScGob5MNtsntNM1aCNUDipB/TkwZFhyDrrE47SOx/18wF2bbjgc3ZzCSKW1T5nt5EbFoAz/Vg=="
    "resolved" "https://registry.npmjs.org/cssesc/-/cssesc-3.0.0.tgz"
    "version" "3.0.0"
  
  "csstype@^2.6.8":
    "integrity" "sha512-u1wmTI1jJGzCJzWndZo8mk4wnPTZd1eOIYTYvuEyOQGfmDl3TrabCCfKnOC86FZwW/9djqTl933UF/cS425i9A=="
    "resolved" "https://registry.npmjs.org/csstype/-/csstype-2.6.17.tgz"
    "version" "2.6.17"
  
  "defined@^1.0.0":
    "integrity" "sha1-yY2bzvdWdBiOEQlpFRGZ45sfppM="
    "resolved" "https://registry.npmjs.org/defined/-/defined-1.0.0.tgz"
    "version" "1.0.0"
  
  "detective@^5.2.0":
    "integrity" "sha512-6SsIx+nUUbuK0EthKjv0zrdnajCCXVYGmbYYiYjFVpzcjwEs/JMDZ8tPRG29J/HhN56t3GJp2cGSWDRjjot8Pg=="
    "resolved" "https://registry.npmjs.org/detective/-/detective-5.2.0.tgz"
    "version" "5.2.0"
    dependencies:
      "acorn-node" "^1.6.1"
      "defined" "^1.0.0"
      "minimist" "^1.1.1"
  
  "didyoumean@^1.2.2":
    "integrity" "sha512-gxtyfqMg7GKyhQmb056K7M3xszy/myH8w+B4RT+QXBQsvAOdc3XymqDDPHx1BgPgsdAA5SIifona89YtRATDzw=="
    "resolved" "https://registry.npmjs.org/didyoumean/-/didyoumean-1.2.2.tgz"
    "version" "1.2.2"
  
  "dlv@^1.1.3":
    "integrity" "sha512-+HlytyjlPKnIG8XuRG8WvmBP8xs8P71y+SKKS6ZXWoEgLuePxtDoUEiH7WkdePWrQ5JBpE6aoVqfZfJUQkjXwA=="
    "resolved" "https://registry.npmjs.org/dlv/-/dlv-1.1.3.tgz"
    "version" "1.1.3"
  
  "doctypes@^1.1.0":
    "integrity" "sha1-6oCxBqh1OHdOijpKWv4pPeSJ4Kk="
    "resolved" "https://registry.npmjs.org/doctypes/-/doctypes-1.1.0.tgz"
    "version" "1.1.0"
  
  "dom-serializer@^1.0.1":
    "integrity" "sha512-5c54Bk5Dw4qAxNOI1pFEizPSjVsx5+bpJKmL2kPn8JhBUq2q09tTCa3mjijun2NfK78NMouDYNMBkOrPZiS+ig=="
    "resolved" "https://registry.npmjs.org/dom-serializer/-/dom-serializer-1.3.2.tgz"
    "version" "1.3.2"
    dependencies:
      "domelementtype" "^2.0.1"
      "domhandler" "^4.2.0"
      "entities" "^2.0.0"
  
  "domelementtype@^2.0.1", "domelementtype@^2.2.0":
    "integrity" "sha512-DtBMo82pv1dFtUmHyr48beiuq792Sxohr+8Hm9zoxklYPfa6n0Z3Byjj2IV7bmr2IyqClnqEQhfgHJJ5QF0R5A=="
    "resolved" "https://registry.npmjs.org/domelementtype/-/domelementtype-2.2.0.tgz"
    "version" "2.2.0"
  
  "domhandler@^4.0.0", "domhandler@^4.2.0":
    "integrity" "sha512-zk7sgt970kzPks2Bf+dwT/PLzghLnsivb9CcxkvR8Mzr66Olr0Ofd8neSbglHJHaHa2MadfoSdNlKYAaafmWfA=="
    "resolved" "https://registry.npmjs.org/domhandler/-/domhandler-4.2.0.tgz"
    "version" "4.2.0"
    dependencies:
      "domelementtype" "^2.2.0"
  
  "domutils@^2.5.2":
    "integrity" "sha512-8eaHa17IwJUPAiB+SoTYBo5mCdeMgdcAoXJ59m6DT1vw+5iLS3gNoqYaRowaBKtGVrOF1Jz4yDTgYKLK2kvfJg=="
    "resolved" "https://registry.npmjs.org/domutils/-/domutils-2.7.0.tgz"
    "version" "2.7.0"
    dependencies:
      "dom-serializer" "^1.0.1"
      "domelementtype" "^2.2.0"
      "domhandler" "^4.2.0"
  
  "electron-to-chromium@^1.3.793":
    "integrity" "sha512-qagikPjZJSDWP85uWoxs32oK/xk/y3MhDZELfKRCWI7pBc0ZFlmjnXb+3+aNMaiqboeDJJa0v7CJd5cO1HKwEQ=="
    "resolved" "https://registry.npmjs.org/electron-to-chromium/-/electron-to-chromium-1.3.800.tgz"
    "version" "1.3.800"
  
  "emmet@^2.3.0":
    "integrity" "sha512-3IqSwmO+N2ZGeuhDyhV/TIOJFUbkChi53bcasSNRE7Yd+4eorbbYz4e53TpMECt38NtYkZNupQCZRlwdAYA42A=="
    "resolved" "https://registry.npmjs.org/emmet/-/emmet-2.3.4.tgz"
    "version" "2.3.4"
    dependencies:
      "@emmetio/abbreviation" "^2.2.2"
      "@emmetio/css-abbreviation" "^2.1.4"
  
  "emojis-list@^3.0.0":
    "integrity" "sha512-/kyM18EfinwXZbno9FyUGeFh87KC8HRQBQGildHZbEuRyWFOmv1U10o9BBp8XVZDVNNuQKyIGIu5ZYAAXJ0V2Q=="
    "resolved" "https://registry.npmjs.org/emojis-list/-/emojis-list-3.0.0.tgz"
    "version" "3.0.0"
  
  "entities@^2.0.0":
    "integrity" "sha512-p92if5Nz619I0w+akJrLZH0MX0Pb5DX39XOwQTtXSdQQOaYH03S1uIQp4mhOZtAXrxq4ViO67YTiLBo2638o9A=="
    "resolved" "https://registry.npmjs.org/entities/-/entities-2.2.0.tgz"
    "version" "2.2.0"
  
  "error-ex@^1.3.1":
    "integrity" "sha512-7dFHNmqeFSEt2ZBsCriorKnn3Z2pj+fd9kmI6QoWw4//DL+icEBfc0U7qJCisqrTsKTjw4fNFy2pW9OqStD84g=="
    "resolved" "https://registry.npmjs.org/error-ex/-/error-ex-1.3.2.tgz"
    "version" "1.3.2"
    dependencies:
      "is-arrayish" "^0.2.1"
  
  "esbuild@^0.12.8":
    "integrity" "sha512-5NuT1G6THW7l3fsSCDkcPepn24R0XtyPjKoqKHD8LfhqMXzCdz0mrS9HgO6hIhzVT7zt0T+JGbzCqF5AH8hS9w=="
    "resolved" "https://registry.npmjs.org/esbuild/-/esbuild-0.12.19.tgz"
    "version" "0.12.19"
  
  "escalade@^3.1.1":
    "integrity" "sha512-k0er2gUkLf8O0zKJiAhmkTnJlTvINGv7ygDNPbeIsX/TJjGJZHuh9B2UxbsaEkmlEo9MfhrSzmhIlhRlI2GXnw=="
    "resolved" "https://registry.npmjs.org/escalade/-/escalade-3.1.1.tgz"
    "version" "3.1.1"
  
  "escape-string-regexp@^1.0.5":
    "integrity" "sha1-G2HAViGQqN/2rjuyzwIAyhMLhtQ="
    "resolved" "https://registry.npmjs.org/escape-string-regexp/-/escape-string-regexp-1.0.5.tgz"
    "version" "1.0.5"
  
  "estree-walker@^2.0.1":
    "integrity" "sha512-Rfkk/Mp/DL7JVje3u18FxFujQlTNR2q6QfMSMB7AvCBx91NGj/ba3kCfza0f6dVDbw7YlRf/nDrn7pQrCCyQ/w=="
    "resolved" "https://registry.npmjs.org/estree-walker/-/estree-walker-2.0.2.tgz"
    "version" "2.0.2"
  
  "fast-glob@^3.2.7":
    "integrity" "sha512-rYGMRwip6lUMvYD3BTScMwT1HtAs2d71SMv66Vrxs0IekGZEjhM0pcMfjQPnknBt2zeCwQMEupiN02ZP4DiT1Q=="
    "resolved" "https://registry.npmjs.org/fast-glob/-/fast-glob-3.2.7.tgz"
    "version" "3.2.7"
    dependencies:
      "@nodelib/fs.stat" "^2.0.2"
      "@nodelib/fs.walk" "^1.2.3"
      "glob-parent" "^5.1.2"
      "merge2" "^1.3.0"
      "micromatch" "^4.0.4"
  
  "fastq@^1.6.0":
    "integrity" "sha512-HOnr8Mc60eNYl1gzwp6r5RoUyAn5/glBolUzP/Ez6IFVPMPirxn/9phgL6zhOtaTy7ISwPvQ+wT+hfcRZh/bzw=="
    "resolved" "https://registry.npmjs.org/fastq/-/fastq-1.11.1.tgz"
    "version" "1.11.1"
    dependencies:
      "reusify" "^1.0.4"
  
  "fill-range@^7.0.1":
    "integrity" "sha512-qOo9F+dMUmC2Lcb4BbVvnKJxTPjCm+RRpe4gDuGrzkL7mEVl/djYSu2OdQ2Pa302N4oqkSg9ir6jaLWJ2USVpQ=="
    "resolved" "https://registry.npmjs.org/fill-range/-/fill-range-7.0.1.tgz"
    "version" "7.0.1"
    dependencies:
      "to-regex-range" "^5.0.1"
  
  "fraction.js@^4.1.1":
    "integrity" "sha512-MHOhvvxHTfRFpF1geTK9czMIZ6xclsEor2wkIGYYq+PxcQqT7vStJqjhe6S1TenZrMZzo+wlqOufBDVepUEgPg=="
    "resolved" "https://registry.npmjs.org/fraction.js/-/fraction.js-4.1.1.tgz"
    "version" "4.1.1"
  
  "fs-extra@^10.0.0":
    "integrity" "sha512-C5owb14u9eJwizKGdchcDUQeFtlSHHthBk8pbX9Vc1PFZrLombudjDnNns88aYslCyF6IY5SUw3Roz6xShcEIQ=="
    "resolved" "https://registry.npmjs.org/fs-extra/-/fs-extra-10.0.0.tgz"
    "version" "10.0.0"
    dependencies:
      "graceful-fs" "^4.2.0"
      "jsonfile" "^6.0.1"
      "universalify" "^2.0.0"
  
  "fs.realpath@^1.0.0":
    "integrity" "sha1-FQStJSMVjKpA20onh8sBQRmU6k8="
    "resolved" "https://registry.npmjs.org/fs.realpath/-/fs.realpath-1.0.0.tgz"
    "version" "1.0.0"
  
  "fsevents@~2.3.2":
    "integrity" "sha512-xiqMQR4xAeHTuB9uWm+fFRcIOgKBMiOBP+eXiyT7jsgVCq1bkVygt00oASowB7EdtpOHaaPgKt812P9ab+DDKA=="
    "resolved" "https://registry.npmjs.org/fsevents/-/fsevents-2.3.2.tgz"
    "version" "2.3.2"
  
  "function-bind@^1.1.1":
    "integrity" "sha512-yIovAzMX49sF8Yl58fSCWJ5svSLuaibPxXQJFLmBObTuCr0Mf1KiPopGM9NiFjiYBCbfaa2Fh6breQ6ANVTI0A=="
    "resolved" "https://registry.npmjs.org/function-bind/-/function-bind-1.1.1.tgz"
    "version" "1.1.1"
  
  "generic-names@^2.0.1":
    "integrity" "sha512-kPCHWa1m9wGG/OwQpeweTwM/PYiQLrUIxXbt/P4Nic3LbGjCP0YwrALHW1uNLKZ0LIMg+RF+XRlj2ekT9ZlZAQ=="
    "resolved" "https://registry.npmjs.org/generic-names/-/generic-names-2.0.1.tgz"
    "version" "2.0.1"
    dependencies:
      "loader-utils" "^1.1.0"
  
  "get-intrinsic@^1.0.2":
    "integrity" "sha512-kWZrnVM42QCiEA2Ig1bG8zjoIMOgxWwYCEeNdwY6Tv/cOSeGpcoX4pXHfKUxNKVoArnrEr2e9srnAxxGIraS9Q=="
    "resolved" "https://registry.npmjs.org/get-intrinsic/-/get-intrinsic-1.1.1.tgz"
    "version" "1.1.1"
    dependencies:
      "function-bind" "^1.1.1"
      "has" "^1.0.3"
      "has-symbols" "^1.0.1"
  
  "glob-parent@^5.1.2":
    "integrity" "sha512-AOIgSQCepiJYwP3ARnGx+5VnTu2HBYdzbGP45eLw1vr3zB3vZLeyed1sC9hnbcOc9/SrMyM5RPQrkGz4aS9Zow=="
    "resolved" "https://registry.npmjs.org/glob-parent/-/glob-parent-5.1.2.tgz"
    "version" "5.1.2"
    dependencies:
      "is-glob" "^4.0.1"
  
  "glob-parent@^6.0.0":
    "integrity" "sha512-kEVjS71mQazDBHKcsq4E9u/vUzaLcw1A8EtUeydawvIWQCJM0qQ08G1H7/XTjFUulla6XQiDOG6MXSaG0HDKog=="
    "resolved" "https://registry.npmjs.org/glob-parent/-/glob-parent-6.0.1.tgz"
    "version" "6.0.1"
    dependencies:
      "is-glob" "^4.0.1"
  
  "glob-parent@~5.1.2":
    "integrity" "sha512-AOIgSQCepiJYwP3ARnGx+5VnTu2HBYdzbGP45eLw1vr3zB3vZLeyed1sC9hnbcOc9/SrMyM5RPQrkGz4aS9Zow=="
    "resolved" "https://registry.npmjs.org/glob-parent/-/glob-parent-5.1.2.tgz"
    "version" "5.1.2"
    dependencies:
      "is-glob" "^4.0.1"
  
  "glob@^7.0.0", "glob@^7.1.3":
    "integrity" "sha512-OvD9ENzPLbegENnYP5UUfJIirTg4+XwMWGaQfQTY0JenxNvvIKP3U3/tAQSPIu/lHxXYSZmpXlUHeqAIdKzBLQ=="
    "resolved" "https://registry.npmjs.org/glob/-/glob-7.1.7.tgz"
    "version" "7.1.7"
    dependencies:
      "fs.realpath" "^1.0.0"
      "inflight" "^1.0.4"
      "inherits" "2"
      "minimatch" "^3.0.4"
      "once" "^1.3.0"
      "path-is-absolute" "^1.0.0"
  
  "graceful-fs@^4.1.6", "graceful-fs@^4.2.0":
    "integrity" "sha512-qkIilPUYcNhJpd33n0GBXTB1MMPp14TxEsEs0pTrsSVucApsYzW5V+Q8Qxhik6KU3evy+qkAAowTByymK0avdg=="
    "resolved" "https://registry.npmjs.org/graceful-fs/-/graceful-fs-4.2.8.tgz"
    "version" "4.2.8"
  
  "has-flag@^3.0.0":
    "integrity" "sha1-tdRU3CGZriJWmfNGfloH87lVuv0="
    "resolved" "https://registry.npmjs.org/has-flag/-/has-flag-3.0.0.tgz"
    "version" "3.0.0"
  
  "has-flag@^4.0.0":
    "integrity" "sha512-EykJT/Q1KjTWctppgIAgfSO0tKVuZUjhgMr17kqTumMl6Afv3EISleU7qZUzoXDFTAHTDC4NOoG/ZxU3EvlMPQ=="
    "resolved" "https://registry.npmjs.org/has-flag/-/has-flag-4.0.0.tgz"
    "version" "4.0.0"
  
  "has-symbols@^1.0.1", "has-symbols@^1.0.2":
    "integrity" "sha512-chXa79rL/UC2KlX17jo3vRGz0azaWEx5tGqZg5pO3NUyEJVB17dMruQlzCCOfUvElghKcm5194+BCRvi2Rv/Gw=="
    "resolved" "https://registry.npmjs.org/has-symbols/-/has-symbols-1.0.2.tgz"
    "version" "1.0.2"
  
  "has-tostringtag@^1.0.0":
    "integrity" "sha512-kFjcSNhnlGV1kyoGk7OXKSawH5JOb/LzUc5w9B02hOTO0dfFRjbHQKvg1d6cf3HbeUmtU9VbbV3qzZ2Teh97WQ=="
    "resolved" "https://registry.npmjs.org/has-tostringtag/-/has-tostringtag-1.0.0.tgz"
    "version" "1.0.0"
    dependencies:
      "has-symbols" "^1.0.2"
  
  "has@^1.0.3":
    "integrity" "sha512-f2dvO0VU6Oej7RkWJGrehjbzMAjFp5/VKPp5tTpWIV4JHHZK1/BxbFRtf/siA2SWTe09caDmVtYYzWEIbBS4zw=="
    "resolved" "https://registry.npmjs.org/has/-/has-1.0.3.tgz"
    "version" "1.0.3"
    dependencies:
      "function-bind" "^1.1.1"
  
  "hash-sum@^2.0.0":
    "integrity" "sha512-WdZTbAByD+pHfl/g9QSsBIIwy8IT+EsPiKDs0KNX+zSHhdDLFKdZu0BQHljvO+0QI/BasbMSUa8wYNCZTvhslg=="
    "resolved" "https://registry.npmjs.org/hash-sum/-/hash-sum-2.0.0.tgz"
    "version" "2.0.0"
  
  "html-tags@^3.1.0":
    "integrity" "sha512-1qYz89hW3lFDEazhjW0yVAV87lw8lVkrJocr72XmBkMKsoSVJCQx3W8BXsC7hO2qAt8BoVjYjtAcZ9perqGnNg=="
    "resolved" "https://registry.npmjs.org/html-tags/-/html-tags-3.1.0.tgz"
    "version" "3.1.0"
  
  "htmlparser2@^6.1.0":
    "integrity" "sha512-gyyPk6rgonLFEDGoeRgQNaEUvdJ4ktTmmUh/h2t7s+M8oPpIPxgNACWa+6ESR57kXstwqPiCut0V8NRpcwgU7A=="
    "resolved" "https://registry.npmjs.org/htmlparser2/-/htmlparser2-6.1.0.tgz"
    "version" "6.1.0"
    dependencies:
      "domelementtype" "^2.0.1"
      "domhandler" "^4.0.0"
      "domutils" "^2.5.2"
      "entities" "^2.0.0"
  
  "icss-replace-symbols@^1.1.0":
    "integrity" "sha1-Bupvg2ead0njhs/h/oEq5dsiPe0="
    "resolved" "https://registry.npmjs.org/icss-replace-symbols/-/icss-replace-symbols-1.1.0.tgz"
    "version" "1.1.0"
  
  "icss-utils@^5.0.0":
    "integrity" "sha512-soFhflCVWLfRNOPU3iv5Z9VUdT44xFRbzjLsEzSr5AQmgqPMTHdU3PMT1Cf1ssx8fLNJDA1juftYl+PUcv3MqA=="
    "resolved" "https://registry.npmjs.org/icss-utils/-/icss-utils-5.1.0.tgz"
    "version" "5.1.0"
  
  "import-cwd@^3.0.0":
    "integrity" "sha512-4pnzH16plW+hgvRECbDWpQl3cqtvSofHWh44met7ESfZ8UZOWWddm8hEyDTqREJ9RbYHY8gi8DqmaelApoOGMg=="
    "resolved" "https://registry.npmjs.org/import-cwd/-/import-cwd-3.0.0.tgz"
    "version" "3.0.0"
    dependencies:
      "import-from" "^3.0.0"
  
  "import-fresh@^3.2.1":
    "integrity" "sha512-veYYhQa+D1QBKznvhUHxb8faxlrwUnxseDAbAp457E0wLNio2bOSKnjYDhMj+YiAq61xrMGhQk9iXVk5FzgQMw=="
    "resolved" "https://registry.npmjs.org/import-fresh/-/import-fresh-3.3.0.tgz"
    "version" "3.3.0"
    dependencies:
      "parent-module" "^1.0.0"
      "resolve-from" "^4.0.0"
  
  "import-from@^3.0.0":
    "integrity" "sha512-CiuXOFFSzkU5x/CR0+z7T91Iht4CXgfCxVOFRhh2Zyhg5wOpWvvDLQUsWl+gcN+QscYBjez8hDCt85O7RLDttQ=="
    "resolved" "https://registry.npmjs.org/import-from/-/import-from-3.0.0.tgz"
    "version" "3.0.0"
    dependencies:
      "resolve-from" "^5.0.0"
  
  "inflight@^1.0.4":
    "integrity" "sha1-Sb1jMdfQLQwJvJEKEHW6gWW1bfk="
    "resolved" "https://registry.npmjs.org/inflight/-/inflight-1.0.6.tgz"
    "version" "1.0.6"
    dependencies:
      "once" "^1.3.0"
      "wrappy" "1"
  
  "inherits@2":
    "integrity" "sha512-k/vGaX4/Yla3WzyMCvTQOXYeIHvqOKtnqBduzTHpzpQZzAskKMhZ2K+EnBiSM9zGSoIFeMpXKxa4dYeZIQqewQ=="
    "resolved" "https://registry.npmjs.org/inherits/-/inherits-2.0.4.tgz"
    "version" "2.0.4"
  
  "is-arrayish@^0.2.1":
    "integrity" "sha1-d8mYQFJ6qOyxqLppe4BkWnqSap0="
    "resolved" "https://registry.npmjs.org/is-arrayish/-/is-arrayish-0.2.1.tgz"
    "version" "0.2.1"
  
  "is-arrayish@^0.3.1":
    "integrity" "sha512-eVRqCvVlZbuw3GrM63ovNSNAeA1K16kaR/LRY/92w0zxQ5/1YzwblUX652i4Xs9RwAGjW9d9y6X88t8OaAJfWQ=="
    "resolved" "https://registry.npmjs.org/is-arrayish/-/is-arrayish-0.3.2.tgz"
    "version" "0.3.2"
  
  "is-binary-path@~2.1.0":
    "integrity" "sha512-ZMERYes6pDydyuGidse7OsHxtbI7WVeUEozgR/g7rd0xUimYNlvZRE/K2MgZTjWy725IfelLeVcEM97mmtRGXw=="
    "resolved" "https://registry.npmjs.org/is-binary-path/-/is-binary-path-2.1.0.tgz"
    "version" "2.1.0"
    dependencies:
      "binary-extensions" "^2.0.0"
  
  "is-core-module@^2.2.0":
    "integrity" "sha512-TXCMSDsEHMEEZ6eCA8rwRDbLu55MRGmrctljsBX/2v1d9/GzqHOxW5c5oPSgrUt2vBFXebu9rGqckXGPWOlYpg=="
    "resolved" "https://registry.npmjs.org/is-core-module/-/is-core-module-2.5.0.tgz"
    "version" "2.5.0"
    dependencies:
      "has" "^1.0.3"
  
  "is-expression@^4.0.0":
    "integrity" "sha512-zMIXX63sxzG3XrkHkrAPvm/OVZVSCPNkwMHU8oTX7/U3AL78I0QXCEICXUM13BIa8TYGZ68PiTKfQz3yaTNr4A=="
    "resolved" "https://registry.npmjs.org/is-expression/-/is-expression-4.0.0.tgz"
    "version" "4.0.0"
    dependencies:
      "acorn" "^7.1.1"
      "object-assign" "^4.1.1"
  
  "is-extglob@^2.1.1":
    "integrity" "sha1-qIwCU1eR8C7TfHahueqXc8gz+MI="
    "resolved" "https://registry.npmjs.org/is-extglob/-/is-extglob-2.1.1.tgz"
    "version" "2.1.1"
  
  "is-glob@^4.0.1", "is-glob@~4.0.1":
    "integrity" "sha512-5G0tKtBTFImOqDnLB2hG6Bp2qcKEFduo4tZu9MT/H6NQv/ghhy30o55ufafxJ/LdH79LLs2Kfrn85TLKyA7BUg=="
    "resolved" "https://registry.npmjs.org/is-glob/-/is-glob-4.0.1.tgz"
    "version" "4.0.1"
    dependencies:
      "is-extglob" "^2.1.1"
  
  "is-number@^7.0.0":
    "integrity" "sha512-41Cifkg6e8TylSpdtTpeLVMqvSBEVzTttHvERD741+pnZ8ANv0004MRL43QKPDlK9cGvNp6NZWZUBlbGXYxxng=="
    "resolved" "https://registry.npmjs.org/is-number/-/is-number-7.0.0.tgz"
    "version" "7.0.0"
  
  "is-promise@^2.0.0":
    "integrity" "sha512-+lP4/6lKUBfQjZ2pdxThZvLUAafmZb8OAxFb8XXtiQmS35INgr85hdOGoEs124ez1FCnZJt6jau/T+alh58QFQ=="
    "resolved" "https://registry.npmjs.org/is-promise/-/is-promise-2.2.2.tgz"
    "version" "2.2.2"
  
  "is-regex@^1.0.3":
    "integrity" "sha512-kvRdxDsxZjhzUX07ZnLydzS1TU/TJlTUHHY4YLL87e37oUA49DfkLqgy+VjFocowy29cKvcSiu+kIv728jTTVg=="
    "resolved" "https://registry.npmjs.org/is-regex/-/is-regex-1.1.4.tgz"
    "version" "1.1.4"
    dependencies:
      "call-bind" "^1.0.2"
      "has-tostringtag" "^1.0.0"
  
  "js-stringify@^1.0.2":
    "integrity" "sha1-Fzb939lyTyijaCrcYjCufk6Weds="
    "resolved" "https://registry.npmjs.org/js-stringify/-/js-stringify-1.0.2.tgz"
    "version" "1.0.2"
  
  "js-tokens@^4.0.0":
    "integrity" "sha512-RdJUflcE3cUzKiMqQgsCu06FPu9UdIJO0beYbPhHN4k6apgJtifcoCtT9bcxOpYBtpD2kCM6Sbzg4CausW/PKQ=="
    "resolved" "https://registry.npmjs.org/js-tokens/-/js-tokens-4.0.0.tgz"
    "version" "4.0.0"
  
  "json-parse-even-better-errors@^2.3.0":
    "integrity" "sha512-xyFwyhro/JEof6Ghe2iz2NcXoj2sloNsWr/XsERDK/oiPCfaNhl5ONfp+jQdAZRQQ0IJWNzH9zIZF7li91kh2w=="
    "resolved" "https://registry.npmjs.org/json-parse-even-better-errors/-/json-parse-even-better-errors-2.3.1.tgz"
    "version" "2.3.1"
  
  "json5@^1.0.1":
    "integrity" "sha512-aKS4WQjPenRxiQsC93MNfjx+nbF4PAdYzmd/1JIj8HYzqfbu86beTuNgXDzPknWk0n0uARlyewZo4s++ES36Ow=="
    "resolved" "https://registry.npmjs.org/json5/-/json5-1.0.1.tgz"
    "version" "1.0.1"
    dependencies:
      "minimist" "^1.2.0"
  
  "jsonc-parser@^2.3.0":
    "integrity" "sha512-H8jvkz1O50L3dMZCsLqiuB2tA7muqbSg1AtGEkN0leAqGjsUzDJir3Zwr02BhqdcITPg3ei3mZ+HjMocAknhhg=="
    "resolved" "https://registry.npmjs.org/jsonc-parser/-/jsonc-parser-2.3.1.tgz"
    "version" "2.3.1"
  
  "jsonc-parser@^3.0.0":
    "integrity" "sha512-fQzRfAbIBnR0IQvftw9FJveWiHp72Fg20giDrHz6TdfB12UH/uue0D3hm57UB5KgAVuniLMCaS8P1IMj9NR7cA=="
    "resolved" "https://registry.npmjs.org/jsonc-parser/-/jsonc-parser-3.0.0.tgz"
    "version" "3.0.0"
  
  "jsonfile@^6.0.1":
    "integrity" "sha512-5dgndWOriYSm5cnYaJNhalLNDKOqFwyDB/rr1E9ZsGciGvKPs8R2xYGCacuf3z6K1YKDz182fd+fY3cn3pMqXQ=="
    "resolved" "https://registry.npmjs.org/jsonfile/-/jsonfile-6.1.0.tgz"
    "version" "6.1.0"
    dependencies:
      "universalify" "^2.0.0"
    optionalDependencies:
      "graceful-fs" "^4.1.6"
  
  "jstransformer@1.0.0":
    "integrity" "sha1-7Yvwkh4vPx7U1cGkT2hwntJHIsM="
    "resolved" "https://registry.npmjs.org/jstransformer/-/jstransformer-1.0.0.tgz"
    "version" "1.0.0"
    dependencies:
      "is-promise" "^2.0.0"
      "promise" "^7.0.1"
  
  "lilconfig@^2.0.3":
    "integrity" "sha512-EHKqr/+ZvdKCifpNrJCKxBTgk5XupZA3y/aCPY9mxfgBzmgh93Mt/WqjjQ38oMxXuvDokaKiM3lAgvSH2sjtHg=="
    "resolved" "https://registry.npmjs.org/lilconfig/-/lilconfig-2.0.3.tgz"
    "version" "2.0.3"
  
  "lines-and-columns@^1.1.6":
    "integrity" "sha1-HADHQ7QzzQpOgHWPe2SldEDZ/wA="
    "resolved" "https://registry.npmjs.org/lines-and-columns/-/lines-and-columns-1.1.6.tgz"
    "version" "1.1.6"
  
  "loader-utils@^1.1.0":
    "integrity" "sha512-qH0WSMBtn/oHuwjy/NucEgbx5dbxxnxup9s4PVXJUDHZBQY+s0NWA9rJf53RBnQZxfch7euUui7hpoAPvALZdA=="
    "resolved" "https://registry.npmjs.org/loader-utils/-/loader-utils-1.4.0.tgz"
    "version" "1.4.0"
    dependencies:
      "big.js" "^5.2.2"
      "emojis-list" "^3.0.0"
      "json5" "^1.0.1"
  
  "lodash.camelcase@^4.3.0":
    "integrity" "sha1-soqmKIorn8ZRA1x3EfZathkDMaY="
    "resolved" "https://registry.npmjs.org/lodash.camelcase/-/lodash.camelcase-4.3.0.tgz"
    "version" "4.3.0"
  
  "lodash.toarray@^4.4.0":
    "integrity" "sha1-JMS/zWsvuji/0FlNsRedjptlZWE="
    "resolved" "https://registry.npmjs.org/lodash.toarray/-/lodash.toarray-4.4.0.tgz"
    "version" "4.4.0"
  
  "lodash.topath@^4.5.2":
    "integrity" "sha1-NhY1Hzu6YZlKCTGYlmC9AyVP0Ak="
    "resolved" "https://registry.npmjs.org/lodash.topath/-/lodash.topath-4.5.2.tgz"
    "version" "4.5.2"
  
  "lodash@^4.17.21":
    "integrity" "sha512-v2kDEe57lecTulaDIuNTPy3Ry4gLGJ6Z1O3vE1krgXZNrsQ+LFTGHVxVjcXPs17LhbZVGedAJv8XZ1tvj5FvSg=="
    "resolved" "https://registry.npmjs.org/lodash/-/lodash-4.17.21.tgz"
    "version" "4.17.21"
  
  "lru-cache@^5.1.1":
    "integrity" "sha512-KpNARQA3Iwv+jTA0utUVVbrh+Jlrr1Fv0e56GGzAFOXN7dk/FviaDW8LHmK52DlcH4WP2n6gI8vN1aesBFgo9w=="
    "resolved" "https://registry.npmjs.org/lru-cache/-/lru-cache-5.1.1.tgz"
    "version" "5.1.1"
    dependencies:
      "yallist" "^3.0.2"
  
  "magic-string@^0.25.7":
    "integrity" "sha512-4CrMT5DOHTDk4HYDlzmwu4FVCcIYI8gauveasrdCu2IKIFOJ3f0v/8MDGJCDL9oD2ppz/Av1b0Nj345H9M+XIA=="
    "resolved" "https://registry.npmjs.org/magic-string/-/magic-string-0.25.7.tgz"
    "version" "0.25.7"
    dependencies:
      "sourcemap-codec" "^1.4.4"
  
  "merge-source-map@^1.1.0":
    "integrity" "sha512-Qkcp7P2ygktpMPh2mCQZaf3jhN6D3Z/qVZHSdWvQ+2Ef5HgRAPBO57A77+ENm0CPx2+1Ce/MYKi3ymqdfuqibw=="
    "resolved" "https://registry.npmjs.org/merge-source-map/-/merge-source-map-1.1.0.tgz"
    "version" "1.1.0"
    dependencies:
      "source-map" "^0.6.1"
  
  "merge2@^1.3.0":
    "integrity" "sha512-8q7VEgMJW4J8tcfVPy8g09NcQwZdbwFEqhe/WZkoIzjn/3TGDwtOCYtXGxA3O8tPzpczCCDgv+P2P5y00ZJOOg=="
    "resolved" "https://registry.npmjs.org/merge2/-/merge2-1.4.1.tgz"
    "version" "1.4.1"
  
  "micromatch@^4.0.4":
    "integrity" "sha512-pRmzw/XUcwXGpD9aI9q/0XOwLNygjETJ8y0ao0wdqprrzDa4YnxLcz7fQRZr8voh8V10kGhABbNcHVk5wHgWwg=="
    "resolved" "https://registry.npmjs.org/micromatch/-/micromatch-4.0.4.tgz"
    "version" "4.0.4"
    dependencies:
      "braces" "^3.0.1"
      "picomatch" "^2.2.3"
  
  "minimatch@^3.0.4":
    "integrity" "sha512-yJHVQEhyqPLUTgt9B83PXu6W3rx4MvvHvSUvToogpwoGDOUQ+yDrR0HRot+yOCdCO7u4hX3pWft6kWBBcqh0UA=="
    "resolved" "https://registry.npmjs.org/minimatch/-/minimatch-3.0.4.tgz"
    "version" "3.0.4"
    dependencies:
      "brace-expansion" "^1.1.7"
  
  "minimist@^1.1.1", "minimist@^1.2.0":
    "integrity" "sha512-FM9nNUYrRBAELZQT3xeZQ7fmMOBg6nWNmJKTcgsJeaLstP/UODVpGsr5OhXhhXg6f+qtJ8uiZ+PUxkDWcgIXLw=="
    "resolved" "https://registry.npmjs.org/minimist/-/minimist-1.2.5.tgz"
    "version" "1.2.5"
  
  "modern-normalize@^1.1.0":
    "integrity" "sha512-2lMlY1Yc1+CUy0gw4H95uNN7vjbpoED7NNRSBHE25nWfLBdmMzFCsPshlzbxHz+gYMcBEUN8V4pU16prcdPSgA=="
    "resolved" "https://registry.npmjs.org/modern-normalize/-/modern-normalize-1.1.0.tgz"
    "version" "1.1.0"
  
  "nanoid@^3.1.23":
    "integrity" "sha512-FiB0kzdP0FFVGDKlRLEQ1BgDzU87dy5NnzjeW9YZNt+/c3+q82EQDUwniSAUxp/F0gFNI1ZhKU1FqYsMuqZVnw=="
    "resolved" "https://registry.npmjs.org/nanoid/-/nanoid-3.1.23.tgz"
    "version" "3.1.23"
  
  "node-emoji@^1.8.1":
    "integrity" "sha512-Yt3384If5H6BYGVHiHwTL+99OzJKHhgp82S8/dktEK73T26BazdgZ4JZh92xSVtGNJvz9UbXdNAc5hcrXV42vw=="
    "resolved" "https://registry.npmjs.org/node-emoji/-/node-emoji-1.10.0.tgz"
    "version" "1.10.0"
    dependencies:
      "lodash.toarray" "^4.4.0"
  
  "node-releases@^1.1.73":
    "integrity" "sha512-uW7fodD6pyW2FZNZnp/Z3hvWKeEW1Y8R1+1CnErE8cXFXzl5blBOoVB41CvMer6P6Q0S5FXDwcHgFd1Wj0U9zg=="
    "resolved" "https://registry.npmjs.org/node-releases/-/node-releases-1.1.73.tgz"
    "version" "1.1.73"
  
  "normalize-path@^3.0.0", "normalize-path@~3.0.0":
    "integrity" "sha512-6eZs5Ls3WtCisHWp9S2GUy8dqkpGi4BVSz3GaqiE6ezub0512ESztXUwUB6C6IKbQkY2Pnb/mD4WYojCRwcwLA=="
    "resolved" "https://registry.npmjs.org/normalize-path/-/normalize-path-3.0.0.tgz"
    "version" "3.0.0"
  
  "normalize-range@^0.1.2":
    "integrity" "sha1-LRDAa9/TEuqXd2laTShDlFa3WUI="
    "resolved" "https://registry.npmjs.org/normalize-range/-/normalize-range-0.1.2.tgz"
    "version" "0.1.2"
  
  "object-assign@^4.1.1":
    "integrity" "sha1-IQmtx5ZYh8/AXLvUQsrIv7s2CGM="
    "resolved" "https://registry.npmjs.org/object-assign/-/object-assign-4.1.1.tgz"
    "version" "4.1.1"
  
  "object-hash@^2.2.0":
    "integrity" "sha512-gScRMn0bS5fH+IuwyIFgnh9zBdo4DV+6GhygmWM9HyNJSgS0hScp1f5vjtm7oIIOiT9trXrShAkLFSc2IqKNgw=="
    "resolved" "https://registry.npmjs.org/object-hash/-/object-hash-2.2.0.tgz"
    "version" "2.2.0"
  
  "once@^1.3.0":
    "integrity" "sha1-WDsap3WWHUsROsF9nFC6753Xa9E="
    "resolved" "https://registry.npmjs.org/once/-/once-1.4.0.tgz"
    "version" "1.4.0"
    dependencies:
      "wrappy" "1"
  
  "parent-module@^1.0.0":
    "integrity" "sha512-GQ2EWRpQV8/o+Aw8YqtfZZPfNRWZYkbidE9k5rpl/hC3vtHHBfGm2Ifi6qWV+coDGkrUKZAxE3Lot5kcsRlh+g=="
    "resolved" "https://registry.npmjs.org/parent-module/-/parent-module-1.0.1.tgz"
    "version" "1.0.1"
    dependencies:
      "callsites" "^3.0.0"
  
  "parse-json@^5.0.0":
    "integrity" "sha512-ayCKvm/phCGxOkYRSCM82iDwct8/EonSEgCSxWxD7ve6jHggsFl4fZVQBPRNgQoKiuV/odhFrGzQXZwbifC8Rg=="
    "resolved" "https://registry.npmjs.org/parse-json/-/parse-json-5.2.0.tgz"
    "version" "5.2.0"
    dependencies:
      "@babel/code-frame" "^7.0.0"
      "error-ex" "^1.3.1"
      "json-parse-even-better-errors" "^2.3.0"
      "lines-and-columns" "^1.1.6"
  
  "path-is-absolute@^1.0.0":
    "integrity" "sha1-F0uSaHNVNP+8es5r9TpanhtcX18="
    "resolved" "https://registry.npmjs.org/path-is-absolute/-/path-is-absolute-1.0.1.tgz"
    "version" "1.0.1"
  
  "path-parse@^1.0.6":
    "integrity" "sha512-LDJzPVEEEPR+y48z93A0Ed0yXb8pAByGWo/k5YYdYgpY2/2EsOsksJrq7lOHxryrVOn1ejG6oAp8ahvOIQD8sw=="
    "resolved" "https://registry.npmjs.org/path-parse/-/path-parse-1.0.7.tgz"
    "version" "1.0.7"
  
  "path-type@^4.0.0":
    "integrity" "sha512-gDKb8aZMDeD/tZWs9P6+q0J9Mwkdl6xMV8TjnGP3qJVJ06bdMgkbBlLU8IdfOsIsFz2BW1rNVT3XuNEl8zPAvw=="
    "resolved" "https://registry.npmjs.org/path-type/-/path-type-4.0.0.tgz"
    "version" "4.0.0"
  
  "picomatch@^2.0.4", "picomatch@^2.2.1", "picomatch@^2.2.3":
    "integrity" "sha512-lY1Q/PiJGC2zOv/z391WOTD+Z02bCgsFfvxoXXf6h7kv9o+WmsmzYqrAwY63sNgOxE4xEdq0WyUnXfKeBrSvYw=="
    "resolved" "https://registry.npmjs.org/picomatch/-/picomatch-2.3.0.tgz"
    "version" "2.3.0"
  
  "postcss-js@^3.0.3":
    "integrity" "sha512-gWnoWQXKFw65Hk/mi2+WTQTHdPD5UJdDXZmX073EY/B3BWnYjO4F4t0VneTCnCGQ5E5GsCdMkzPaTXwl3r5dJw=="
    "resolved" "https://registry.npmjs.org/postcss-js/-/postcss-js-3.0.3.tgz"
    "version" "3.0.3"
    dependencies:
      "camelcase-css" "^2.0.1"
      "postcss" "^8.1.6"
  
  "postcss-load-config@^3.1.0":
    "integrity" "sha512-ipM8Ds01ZUophjDTQYSVP70slFSYg3T0/zyfII5vzhN6V57YSxMgG5syXuwi5VtS8wSf3iL30v0uBdoIVx4Q0g=="
    "resolved" "https://registry.npmjs.org/postcss-load-config/-/postcss-load-config-3.1.0.tgz"
    "version" "3.1.0"
    dependencies:
      "import-cwd" "^3.0.0"
      "lilconfig" "^2.0.3"
      "yaml" "^1.10.2"
  
  "postcss-modules-extract-imports@^3.0.0":
    "integrity" "sha512-bdHleFnP3kZ4NYDhuGlVK+CMrQ/pqUm8bx/oGL93K6gVwiclvX5x0n76fYMKuIGKzlABOy13zsvqjb0f92TEXw=="
    "resolved" "https://registry.npmjs.org/postcss-modules-extract-imports/-/postcss-modules-extract-imports-3.0.0.tgz"
    "version" "3.0.0"
  
  "postcss-modules-local-by-default@^4.0.0":
    "integrity" "sha512-sT7ihtmGSF9yhm6ggikHdV0hlziDTX7oFoXtuVWeDd3hHObNkcHRo9V3yg7vCAY7cONyxJC/XXCmmiHHcvX7bQ=="
    "resolved" "https://registry.npmjs.org/postcss-modules-local-by-default/-/postcss-modules-local-by-default-4.0.0.tgz"
    "version" "4.0.0"
    dependencies:
      "icss-utils" "^5.0.0"
      "postcss-selector-parser" "^6.0.2"
      "postcss-value-parser" "^4.1.0"
  
  "postcss-modules-scope@^3.0.0":
    "integrity" "sha512-hncihwFA2yPath8oZ15PZqvWGkWf+XUfQgUGamS4LqoP1anQLOsOJw0vr7J7IwLpoY9fatA2qiGUGmuZL0Iqlg=="
    "resolved" "https://registry.npmjs.org/postcss-modules-scope/-/postcss-modules-scope-3.0.0.tgz"
    "version" "3.0.0"
    dependencies:
      "postcss-selector-parser" "^6.0.4"
  
  "postcss-modules-values@^4.0.0":
    "integrity" "sha512-RDxHkAiEGI78gS2ofyvCsu7iycRv7oqw5xMWn9iMoR0N/7mf9D50ecQqUo5BZ9Zh2vH4bCUR/ktCqbB9m8vJjQ=="
    "resolved" "https://registry.npmjs.org/postcss-modules-values/-/postcss-modules-values-4.0.0.tgz"
    "version" "4.0.0"
    dependencies:
      "icss-utils" "^5.0.0"
  
  "postcss-modules@^4.0.0":
    "integrity" "sha512-/H08MGEmaalv/OU8j6bUKi/kZr2kqGF6huAW8m9UAgOLWtpFdhA14+gPBoymtqyv+D4MLsmqaF2zvIegdCxJXg=="
    "resolved" "https://registry.npmjs.org/postcss-modules/-/postcss-modules-4.2.2.tgz"
    "version" "4.2.2"
    dependencies:
      "generic-names" "^2.0.1"
      "icss-replace-symbols" "^1.1.0"
      "lodash.camelcase" "^4.3.0"
      "postcss-modules-extract-imports" "^3.0.0"
      "postcss-modules-local-by-default" "^4.0.0"
      "postcss-modules-scope" "^3.0.0"
      "postcss-modules-values" "^4.0.0"
      "string-hash" "^1.1.1"
  
  "postcss-nested@5.0.5":
    "integrity" "sha512-GSRXYz5bccobpTzLQZXOnSOfKl6TwVr5CyAQJUPub4nuRJSOECK5AqurxVgmtxP48p0Kc/ndY/YyS1yqldX0Ew=="
    "resolved" "https://registry.npmjs.org/postcss-nested/-/postcss-nested-5.0.5.tgz"
    "version" "5.0.5"
    dependencies:
      "postcss-selector-parser" "^6.0.4"
  
  "postcss-selector-parser@^6.0.2", "postcss-selector-parser@^6.0.4", "postcss-selector-parser@^6.0.6":
    "integrity" "sha512-9LXrvaaX3+mcv5xkg5kFwqSzSH1JIObIx51PrndZwlmznwXRfxMddDvo9gve3gVR8ZTKgoFDdWkbRFmEhT4PMg=="
    "resolved" "https://registry.npmjs.org/postcss-selector-parser/-/postcss-selector-parser-6.0.6.tgz"
    "version" "6.0.6"
    dependencies:
      "cssesc" "^3.0.0"
      "util-deprecate" "^1.0.2"
  
  "postcss-value-parser@^3.3.0":
    "integrity" "sha512-pISE66AbVkp4fDQ7VHBwRNXzAAKJjw4Vw7nWI/+Q3vuly7SNfgYXvm6i5IgFylHGK5sP/xHAbB7N49OS4gWNyQ=="
    "resolved" "https://registry.npmjs.org/postcss-value-parser/-/postcss-value-parser-3.3.1.tgz"
    "version" "3.3.1"
  
  "postcss-value-parser@^4.1.0":
    "integrity" "sha512-97DXOFbQJhk71ne5/Mt6cOu6yxsSfM0QGQyl0L25Gca4yGWEGJaig7l7gbCX623VqTBNGLRLaVUCnNkcedlRSQ=="
    "resolved" "https://registry.npmjs.org/postcss-value-parser/-/postcss-value-parser-4.1.0.tgz"
    "version" "4.1.0"
  
  "postcss@^8.0.0", "postcss@^8.0.9", "postcss@^8.1.0", "postcss@^8.1.10", "postcss@^8.1.13", "postcss@^8.1.6", "postcss@^8.2.1", "postcss@^8.3.6":
    "integrity" "sha512-wG1cc/JhRgdqB6WHEuyLTedf3KIRuD0hG6ldkFEZNCjRxiC+3i6kkWUUbiJQayP28iwG35cEmAbe98585BYV0A=="
    "resolved" "https://registry.npmjs.org/postcss/-/postcss-8.3.6.tgz"
    "version" "8.3.6"
    dependencies:
      "colorette" "^1.2.2"
      "nanoid" "^3.1.23"
      "source-map-js" "^0.6.2"
  
  "pretty-hrtime@^1.0.3":
    "integrity" "sha1-t+PqQkNaTJsnWdmeDyAesZWALuE="
    "resolved" "https://registry.npmjs.org/pretty-hrtime/-/pretty-hrtime-1.0.3.tgz"
    "version" "1.0.3"
  
  "promise@^7.0.1":
    "integrity" "sha512-nolQXZ/4L+bP/UGlkfaIujX9BKxGwmQ9OT4mOt5yvy8iK1h3wqTEJCijzGANTCCl9nWjY41juyAn2K3Q1hLLTg=="
    "resolved" "https://registry.npmjs.org/promise/-/promise-7.3.1.tgz"
    "version" "7.3.1"
    dependencies:
      "asap" "~2.0.3"
  
  "pug-attrs@^3.0.0":
    "integrity" "sha512-azINV9dUtzPMFQktvTXciNAfAuVh/L/JCl0vtPCwvOA21uZrC08K/UnmrL+SXGEVc1FwzjW62+xw5S/uaLj6cA=="
    "resolved" "https://registry.npmjs.org/pug-attrs/-/pug-attrs-3.0.0.tgz"
    "version" "3.0.0"
    dependencies:
      "constantinople" "^4.0.1"
      "js-stringify" "^1.0.2"
      "pug-runtime" "^3.0.0"
  
  "pug-code-gen@^3.0.2":
    "integrity" "sha512-nJMhW16MbiGRiyR4miDTQMRWDgKplnHyeLvioEJYbk1RsPI3FuA3saEP8uwnTb2nTJEKBU90NFVWJBk4OU5qyg=="
    "resolved" "https://registry.npmjs.org/pug-code-gen/-/pug-code-gen-3.0.2.tgz"
    "version" "3.0.2"
    dependencies:
      "constantinople" "^4.0.1"
      "doctypes" "^1.1.0"
      "js-stringify" "^1.0.2"
      "pug-attrs" "^3.0.0"
      "pug-error" "^2.0.0"
      "pug-runtime" "^3.0.0"
      "void-elements" "^3.1.0"
      "with" "^7.0.0"
  
  "pug-error@^2.0.0":
    "integrity" "sha512-sjiUsi9M4RAGHktC1drQfCr5C5eriu24Lfbt4s+7SykztEOwVZtbFk1RRq0tzLxcMxMYTBR+zMQaG07J/btayQ=="
    "resolved" "https://registry.npmjs.org/pug-error/-/pug-error-2.0.0.tgz"
    "version" "2.0.0"
  
  "pug-filters@^4.0.0":
    "integrity" "sha512-yeNFtq5Yxmfz0f9z2rMXGw/8/4i1cCFecw/Q7+D0V2DdtII5UvqE12VaZ2AY7ri6o5RNXiweGH79OCq+2RQU4A=="
    "resolved" "https://registry.npmjs.org/pug-filters/-/pug-filters-4.0.0.tgz"
    "version" "4.0.0"
    dependencies:
      "constantinople" "^4.0.1"
      "jstransformer" "1.0.0"
      "pug-error" "^2.0.0"
      "pug-walk" "^2.0.0"
      "resolve" "^1.15.1"
  
  "pug-lexer@^5.0.1":
    "integrity" "sha512-0I6C62+keXlZPZkOJeVam9aBLVP2EnbeDw3An+k0/QlqdwH6rv8284nko14Na7c0TtqtogfWXcRoFE4O4Ff20w=="
    "resolved" "https://registry.npmjs.org/pug-lexer/-/pug-lexer-5.0.1.tgz"
    "version" "5.0.1"
    dependencies:
      "character-parser" "^2.2.0"
      "is-expression" "^4.0.0"
      "pug-error" "^2.0.0"
  
  "pug-linker@^4.0.0":
    "integrity" "sha512-gjD1yzp0yxbQqnzBAdlhbgoJL5qIFJw78juN1NpTLt/mfPJ5VgC4BvkoD3G23qKzJtIIXBbcCt6FioLSFLOHdw=="
    "resolved" "https://registry.npmjs.org/pug-linker/-/pug-linker-4.0.0.tgz"
    "version" "4.0.0"
    dependencies:
      "pug-error" "^2.0.0"
      "pug-walk" "^2.0.0"
  
  "pug-load@^3.0.0":
    "integrity" "sha512-OCjTEnhLWZBvS4zni/WUMjH2YSUosnsmjGBB1An7CsKQarYSWQ0GCVyd4eQPMFJqZ8w9xgs01QdiZXKVjk92EQ=="
    "resolved" "https://registry.npmjs.org/pug-load/-/pug-load-3.0.0.tgz"
    "version" "3.0.0"
    dependencies:
      "object-assign" "^4.1.1"
      "pug-walk" "^2.0.0"
  
  "pug-parser@^6.0.0":
    "integrity" "sha512-ukiYM/9cH6Cml+AOl5kETtM9NR3WulyVP2y4HOU45DyMim1IeP/OOiyEWRr6qk5I5klpsBnbuHpwKmTx6WURnw=="
    "resolved" "https://registry.npmjs.org/pug-parser/-/pug-parser-6.0.0.tgz"
    "version" "6.0.0"
    dependencies:
      "pug-error" "^2.0.0"
      "token-stream" "1.0.0"
  
  "pug-runtime@^3.0.0", "pug-runtime@^3.0.1":
    "integrity" "sha512-L50zbvrQ35TkpHwv0G6aLSuueDRwc/97XdY8kL3tOT0FmhgG7UypU3VztfV/LATAvmUfYi4wNxSajhSAeNN+Kg=="
    "resolved" "https://registry.npmjs.org/pug-runtime/-/pug-runtime-3.0.1.tgz"
    "version" "3.0.1"
  
  "pug-strip-comments@^2.0.0":
    "integrity" "sha512-zo8DsDpH7eTkPHCXFeAk1xZXJbyoTfdPlNR0bK7rpOMuhBYb0f5qUVCO1xlsitYd3w5FQTK7zpNVKb3rZoUrrQ=="
    "resolved" "https://registry.npmjs.org/pug-strip-comments/-/pug-strip-comments-2.0.0.tgz"
    "version" "2.0.0"
    dependencies:
      "pug-error" "^2.0.0"
  
  "pug-walk@^2.0.0":
    "integrity" "sha512-yYELe9Q5q9IQhuvqsZNwA5hfPkMJ8u92bQLIMcsMxf/VADjNtEYptU+inlufAFYcWdHlwNfZOEnOOQrZrcyJCQ=="
    "resolved" "https://registry.npmjs.org/pug-walk/-/pug-walk-2.0.0.tgz"
    "version" "2.0.0"
  
  "pug@^3.0.2":
    "integrity" "sha512-bp0I/hiK1D1vChHh6EfDxtndHji55XP/ZJKwsRqrz6lRia6ZC2OZbdAymlxdVFwd1L70ebrVJw4/eZ79skrIaw=="
    "resolved" "https://registry.npmjs.org/pug/-/pug-3.0.2.tgz"
    "version" "3.0.2"
    dependencies:
      "pug-code-gen" "^3.0.2"
      "pug-filters" "^4.0.0"
      "pug-lexer" "^5.0.1"
      "pug-linker" "^4.0.0"
      "pug-load" "^3.0.0"
      "pug-parser" "^6.0.0"
      "pug-runtime" "^3.0.1"
      "pug-strip-comments" "^2.0.0"
  
  "purgecss@^4.0.3":
    "integrity" "sha512-PYOIn5ibRIP34PBU9zohUcCI09c7drPJJtTDAc0Q6QlRz2/CHQ8ywGLdE7ZhxU2VTqB7p5wkvj5Qcm05Rz3Jmw=="
    "resolved" "https://registry.npmjs.org/purgecss/-/purgecss-4.0.3.tgz"
    "version" "4.0.3"
    dependencies:
      "commander" "^6.0.0"
      "glob" "^7.0.0"
      "postcss" "^8.2.1"
      "postcss-selector-parser" "^6.0.2"
  
  "queue-microtask@^1.2.2":
    "integrity" "sha512-NuaNSa6flKT5JaSYQzJok04JzTL1CA6aGhv5rfLW3PgqA+M2ChpZQnAC8h8i4ZFkBS8X5RqkDBHA7r4hej3K9A=="
    "resolved" "https://registry.npmjs.org/queue-microtask/-/queue-microtask-1.2.3.tgz"
    "version" "1.2.3"
  
  "quick-lru@^5.1.1":
    "integrity" "sha512-WuyALRjWPDGtt/wzJiadO5AXY+8hZ80hVpe6MyivgraREW751X3SbhRvG3eLKOYN+8VEvqLcf3wdnt44Z4S4SA=="
    "resolved" "https://registry.npmjs.org/quick-lru/-/quick-lru-5.1.1.tgz"
    "version" "5.1.1"
  
  "readdirp@~3.6.0":
    "integrity" "sha512-hOS089on8RduqdbhvQ5Z37A0ESjsqz6qnRcffsMU3495FuTdqSm+7bhJ29JvIOsBDEEnan5DPu9t3To9VRlMzA=="
    "resolved" "https://registry.npmjs.org/readdirp/-/readdirp-3.6.0.tgz"
    "version" "3.6.0"
    dependencies:
      "picomatch" "^2.2.1"
  
  "reduce-css-calc@^2.1.8":
    "integrity" "sha512-8liAVezDmUcH+tdzoEGrhfbGcP7nOV4NkGE3a74+qqvE7nt9i4sKLGBuZNOnpI4WiGksiNPklZxva80061QiPg=="
    "resolved" "https://registry.npmjs.org/reduce-css-calc/-/reduce-css-calc-2.1.8.tgz"
    "version" "2.1.8"
    dependencies:
      "css-unit-converter" "^1.1.1"
      "postcss-value-parser" "^3.3.0"
  
  "request-light@^0.5.4":
    "integrity" "sha512-t3566CMweOFlUk7Y1DJMu5OrtpoZEb6aSTsLQVT3wtrIEJ5NhcY9G/Oqxvjllzl4a15zXfFlcr9q40LbLVQJqw=="
    "resolved" "https://registry.npmjs.org/request-light/-/request-light-0.5.4.tgz"
    "version" "0.5.4"
  
  "resolve-from@^4.0.0":
    "integrity" "sha512-pb/MYmXstAkysRFx8piNI1tGFNQIFA3vkE3Gq4EuA1dF6gHp/+vgZqsCGJapvy8N3Q+4o7FwvquPJcnZ7RYy4g=="
    "resolved" "https://registry.npmjs.org/resolve-from/-/resolve-from-4.0.0.tgz"
    "version" "4.0.0"
  
  "resolve-from@^5.0.0":
    "integrity" "sha512-qYg9KP24dD5qka9J47d0aVky0N+b4fTU89LN9iDnjB5waksiC49rvMB0PrUJQGoTmH50XPiqOvAjDfaijGxYZw=="
    "resolved" "https://registry.npmjs.org/resolve-from/-/resolve-from-5.0.0.tgz"
    "version" "5.0.0"
  
  "resolve@^1.15.1", "resolve@^1.20.0":
    "integrity" "sha512-wENBPt4ySzg4ybFQW2TT1zMQucPK95HSh/nq2CFTZVOGut2+pQvSsgtda4d26YrYcr067wjbmzOG8byDPBX63A=="
    "resolved" "https://registry.npmjs.org/resolve/-/resolve-1.20.0.tgz"
    "version" "1.20.0"
    dependencies:
      "is-core-module" "^2.2.0"
      "path-parse" "^1.0.6"
  
  "reusify@^1.0.4":
    "integrity" "sha512-U9nH88a3fc/ekCF1l0/UP1IosiuIjyTh7hBvXVMHYgVcfGvt897Xguj2UOLDeI5BG2m7/uwyaLVT6fbtCwTyzw=="
    "resolved" "https://registry.npmjs.org/reusify/-/reusify-1.0.4.tgz"
    "version" "1.0.4"
  
  "rimraf@^3.0.0":
    "integrity" "sha512-JZkJMZkAGFFPP2YqXZXPbMlMBgsxzE8ILs4lMIX/2o0L9UBw9O/Y3o6wFw/i9YLapcUJWwqbi3kdxIPdC62TIA=="
    "resolved" "https://registry.npmjs.org/rimraf/-/rimraf-3.0.2.tgz"
    "version" "3.0.2"
    dependencies:
      "glob" "^7.1.3"
  
  "rollup@^2.38.5":
    "integrity" "sha512-KkrsNjeiTfGJMUFBi/PNfj3fnt70akqdoNXOjlzwo98uA1qrlkmgt6SGaK5OwhyDYCVnJb6jb2Xa2wbI47P4Nw=="
    "resolved" "https://registry.npmjs.org/rollup/-/rollup-2.56.1.tgz"
    "version" "2.56.1"
    optionalDependencies:
      "fsevents" "~2.3.2"
  
  "run-parallel@^1.1.9":
    "integrity" "sha512-5l4VyZR86LZ/lDxZTR6jqL8AFE2S0IFLMP26AbjsLVADxHdhB/c0GUsH+y39UfCi3dzz8OlQuPmnaJOMoDHQBA=="
    "resolved" "https://registry.npmjs.org/run-parallel/-/run-parallel-1.2.0.tgz"
    "version" "1.2.0"
    dependencies:
      "queue-microtask" "^1.2.2"
  
  "simple-swizzle@^0.2.2":
    "integrity" "sha1-pNprY1/8zMoz9w0Xy5JZLeleVXo="
    "resolved" "https://registry.npmjs.org/simple-swizzle/-/simple-swizzle-0.2.2.tgz"
    "version" "0.2.2"
    dependencies:
      "is-arrayish" "^0.3.1"
  
  "source-map-js@^0.6.2":
    "integrity" "sha512-/3GptzWzu0+0MBQFrDKzw/DvvMTUORvgY6k6jd/VS6iCR4RDTKWH6v6WPwQoUO8667uQEf9Oe38DxAYWY5F/Ug=="
    "resolved" "https://registry.npmjs.org/source-map-js/-/source-map-js-0.6.2.tgz"
    "version" "0.6.2"
  
  "source-map@^0.6.1":
    "integrity" "sha512-UjgapumWlbMhkBgzT7Ykc5YXUT46F0iKu8SGXq0bcwP5dz/h0Plj6enJqjz1Zbq2l5WaqYnrVbwWOWMyF3F47g=="
    "resolved" "https://registry.npmjs.org/source-map/-/source-map-0.6.1.tgz"
    "version" "0.6.1"
  
  "sourcemap-codec@^1.4.4":
    "integrity" "sha512-9NykojV5Uih4lgo5So5dtw+f0JgJX30KCNI8gwhz2J9A15wD0Ml6tjHKwf6fTSa6fAdVBdZeNOs9eJ71qCk8vA=="
    "resolved" "https://registry.npmjs.org/sourcemap-codec/-/sourcemap-codec-1.4.8.tgz"
    "version" "1.4.8"
  
  "string-hash@^1.1.1":
    "integrity" "sha1-6Kr8CsGFW0Zmkp7X3RJ1311sgRs="
    "resolved" "https://registry.npmjs.org/string-hash/-/string-hash-1.1.3.tgz"
    "version" "1.1.3"
  
  "supports-color@^5.3.0":
    "integrity" "sha512-QjVjwdXIt408MIiAqCX4oUKsgU2EqAGzs2Ppkm4aQYbjm+ZEWEcW4SfFNTr4uMNZma0ey4f5lgLrkB0aX0QMow=="
    "resolved" "https://registry.npmjs.org/supports-color/-/supports-color-5.5.0.tgz"
    "version" "5.5.0"
    dependencies:
      "has-flag" "^3.0.0"
  
  "supports-color@^7.1.0":
    "integrity" "sha512-qpCAvRl9stuOHveKsn7HncJRvv501qIacKzQlO/+Lwxc9+0q2wLyv4Dfvt80/DPn2pqOBsJdDiogXGR9+OvwRw=="
    "resolved" "https://registry.npmjs.org/supports-color/-/supports-color-7.2.0.tgz"
    "version" "7.2.0"
    dependencies:
      "has-flag" "^4.0.0"
  
  "tailwindcss@^2.2.7":
    "integrity" "sha512-jv35rugP5j8PpzbXnsria7ZAry7Evh0KtQ4MZqNd+PhF+oIKPwJTVwe/rmfRx9cZw3W7iPZyzBmeoAoNwfJ1yg=="
    "resolved" "https://registry.npmjs.org/tailwindcss/-/tailwindcss-2.2.7.tgz"
    "version" "2.2.7"
    dependencies:
      "arg" "^5.0.0"
      "bytes" "^3.0.0"
      "chalk" "^4.1.1"
      "chokidar" "^3.5.2"
      "color" "^3.2.0"
      "cosmiconfig" "^7.0.0"
      "detective" "^5.2.0"
      "didyoumean" "^1.2.2"
      "dlv" "^1.1.3"
      "fast-glob" "^3.2.7"
      "fs-extra" "^10.0.0"
      "glob-parent" "^6.0.0"
      "html-tags" "^3.1.0"
      "is-glob" "^4.0.1"
      "lodash" "^4.17.21"
      "lodash.topath" "^4.5.2"
      "modern-normalize" "^1.1.0"
      "node-emoji" "^1.8.1"
      "normalize-path" "^3.0.0"
      "object-hash" "^2.2.0"
      "postcss-js" "^3.0.3"
      "postcss-load-config" "^3.1.0"
      "postcss-nested" "5.0.5"
      "postcss-selector-parser" "^6.0.6"
      "postcss-value-parser" "^4.1.0"
      "pretty-hrtime" "^1.0.3"
      "purgecss" "^4.0.3"
      "quick-lru" "^5.1.1"
      "reduce-css-calc" "^2.1.8"
      "resolve" "^1.20.0"
      "tmp" "^0.2.1"
  
  "tmp@^0.2.1":
    "integrity" "sha512-76SUhtfqR2Ijn+xllcI5P1oyannHNHByD80W1q447gU3mp9G9PSpGdWmjUOHRDPiHYacIk66W7ubDTuPF3BEtQ=="
    "resolved" "https://registry.npmjs.org/tmp/-/tmp-0.2.1.tgz"
    "version" "0.2.1"
    dependencies:
      "rimraf" "^3.0.0"
  
  "to-fast-properties@^2.0.0":
    "integrity" "sha1-3F5pjL0HkmW8c+A3doGk5Og/YW4="
    "resolved" "https://registry.npmjs.org/to-fast-properties/-/to-fast-properties-2.0.0.tgz"
    "version" "2.0.0"
  
  "to-regex-range@^5.0.1":
    "integrity" "sha512-65P7iz6X5yEr1cwcgvQxbbIw7Uk3gOy5dIdtZ4rDveLqhrdJP+Li/Hx6tyK0NEb+2GCyneCMJiGqrADCSNk8sQ=="
    "resolved" "https://registry.npmjs.org/to-regex-range/-/to-regex-range-5.0.1.tgz"
    "version" "5.0.1"
    dependencies:
      "is-number" "^7.0.0"
  
  "token-stream@1.0.0":
    "integrity" "sha1-zCAOqyYT9BZtJ/+a/HylbUnfbrQ="
    "resolved" "https://registry.npmjs.org/token-stream/-/token-stream-1.0.0.tgz"
    "version" "1.0.0"
  
  "typescript@*", "typescript@^4.3.2":
    "integrity" "sha512-DqQgihaQ9cUrskJo9kIyW/+g0Vxsk8cDtZ52a3NGh0YNTfpUSArXSohyUGnvbPazEPLu398C0UxmKSOrPumUzA=="
    "resolved" "https://registry.npmjs.org/typescript/-/typescript-4.3.5.tgz"
    "version" "4.3.5"
  
  "universalify@^2.0.0":
    "integrity" "sha512-hAZsKq7Yy11Zu1DE0OzWjw7nnLZmJZYTDZZyEFHZdUhV8FkH5MCfoU1XMaxXovpyW5nq5scPqq0ZDP9Zyl04oQ=="
    "resolved" "https://registry.npmjs.org/universalify/-/universalify-2.0.0.tgz"
    "version" "2.0.0"
  
  "upath@^2.0.1":
    "integrity" "sha512-1uEe95xksV1O0CYKXo8vQvN1JEbtJp7lb7C5U9HMsIp6IVwntkH/oNUzyVNQSd4S1sYk2FpSSW44FqMc8qee5w=="
    "resolved" "https://registry.npmjs.org/upath/-/upath-2.0.1.tgz"
    "version" "2.0.1"
  
  "util-deprecate@^1.0.2":
    "integrity" "sha1-RQ1Nyfpw3nMnYvvS1KKJgUGaDM8="
    "resolved" "https://registry.npmjs.org/util-deprecate/-/util-deprecate-1.0.2.tgz"
    "version" "1.0.2"
  
  "vite@^2.4.4":
    "integrity" "sha512-m1wK6pFJKmaYA6AeZIUXyiAgUAAJzVXhIMYCdZUpCaFMGps0v0IlNJtbmPvkUhVEyautalajmnW5X6NboUPsnw=="
    "resolved" "https://registry.npmjs.org/vite/-/vite-2.4.4.tgz"
    "version" "2.4.4"
    dependencies:
      "esbuild" "^0.12.8"
      "postcss" "^8.3.6"
      "resolve" "^1.20.0"
      "rollup" "^2.38.5"
    optionalDependencies:
      "fsevents" "~2.3.2"
  
  "void-elements@^3.1.0":
    "integrity" "sha1-YU9/v42AHwu18GYfWy9XhXUOTwk="
    "resolved" "https://registry.npmjs.org/void-elements/-/void-elements-3.1.0.tgz"
    "version" "3.1.0"
  
  "vscode-css-languageservice@^5.1.4":
    "integrity" "sha512-fIJZJMXbaBsK0ifBb2RmSiLtzwn6NrZnKn7O+0ziIjwAY+rPvSK9St2qqQXFU3reZVRAt/I4GBp40dC/THcUDA=="
    "resolved" "https://registry.npmjs.org/vscode-css-languageservice/-/vscode-css-languageservice-5.1.4.tgz"
    "version" "5.1.4"
    dependencies:
      "vscode-languageserver-textdocument" "^1.0.1"
      "vscode-languageserver-types" "^3.16.0"
      "vscode-nls" "^5.0.0"
      "vscode-uri" "^3.0.2"
  
  "vscode-emmet-helper@^2.6.4":
    "integrity" "sha512-fP0nunW1RUWEKGf4gqiYLOVNFFGXSRHjCl0pikxtwCFlty8WwimM+RBJ5o0aIiwerrYD30HqeaVyvDW027Sseg=="
    "resolved" "https://registry.npmjs.org/vscode-emmet-helper/-/vscode-emmet-helper-2.6.4.tgz"
    "version" "2.6.4"
    dependencies:
      "emmet" "^2.3.0"
      "jsonc-parser" "^2.3.0"
      "vscode-languageserver-textdocument" "^1.0.1"
      "vscode-languageserver-types" "^3.15.1"
      "vscode-nls" "^5.0.0"
      "vscode-uri" "^2.1.2"
  
  "vscode-html-languageservice@^4.0.7":
    "integrity" "sha512-P5TQMYpgxAdLs+PwpC7Lm+0lXCyQAC6kZ41YuPYNHVooC4XO7Y2+ncHBcQJVK4C9LU2cTOAl0lzq4WAxuwRHYw=="
    "resolved" "https://registry.npmjs.org/vscode-html-languageservice/-/vscode-html-languageservice-4.0.7.tgz"
    "version" "4.0.7"
    dependencies:
      "vscode-languageserver-textdocument" "^1.0.1"
      "vscode-languageserver-types" "^3.16.0"
      "vscode-nls" "^5.0.0"
      "vscode-uri" "^3.0.2"
  
  "vscode-json-languageservice@^4.1.5":
    "integrity" "sha512-DIKb3tcfRtb3tIE6g9SLOl5E9tNSt6kljH08Wa5RwFlVshtXGrDDzttchze4CYy9pJpE9mBtCbRHmLvY1Z1ZXA=="
    "resolved" "https://registry.npmjs.org/vscode-json-languageservice/-/vscode-json-languageservice-4.1.6.tgz"
    "version" "4.1.6"
    dependencies:
      "jsonc-parser" "^3.0.0"
      "vscode-languageserver-textdocument" "^1.0.1"
      "vscode-languageserver-types" "^3.16.0"
      "vscode-nls" "^5.0.0"
      "vscode-uri" "^3.0.2"
  
  "vscode-jsonrpc@^8.0.0-next.1", "vscode-jsonrpc@8.0.0-next.2":
    "integrity" "sha512-gxUyTBAjmwGkiHW/UaRScre2s4i98P8M7gnc3VB4DrVQUm3vQ0idi2cN9nbkfcjATx+uEt8C22j+MLN/8UzsJA=="
    "resolved" "https://registry.npmjs.org/vscode-jsonrpc/-/vscode-jsonrpc-8.0.0-next.2.tgz"
    "version" "8.0.0-next.2"
  
  "vscode-languageserver-protocol@3.17.0-next.8":
    "integrity" "sha512-P89vSuJ+FA5JzFmcOoZN13Ig1yd6LsiPOig0O5m5BSGuO/rplQegCd9J0wKpaTy7trf/SYHRoypnbUBdzy14sg=="
    "resolved" "https://registry.npmjs.org/vscode-languageserver-protocol/-/vscode-languageserver-protocol-3.17.0-next.8.tgz"
    "version" "3.17.0-next.8"
    dependencies:
      "vscode-jsonrpc" "8.0.0-next.2"
      "vscode-languageserver-types" "3.17.0-next.3"
  
  "vscode-languageserver-textdocument@^1.0.1":
    "integrity" "sha512-UIcJDjX7IFkck7cSkNNyzIz5FyvpQfY7sdzVy+wkKN/BLaD4DQ0ppXQrKePomCxTS7RrolK1I0pey0bG9eh8dA=="
    "resolved" "https://registry.npmjs.org/vscode-languageserver-textdocument/-/vscode-languageserver-textdocument-1.0.1.tgz"
    "version" "1.0.1"
  
  "vscode-languageserver-types@^3.15.1", "vscode-languageserver-types@^3.16.0":
    "integrity" "sha512-k8luDIWJWyenLc5ToFQQMaSrqCHiLwyKPHKPQZ5zz21vM+vIVUSvsRpcbiECH4WR88K2XZqc4ScRcZ7nk/jbeA=="
    "resolved" "https://registry.npmjs.org/vscode-languageserver-types/-/vscode-languageserver-types-3.16.0.tgz"
    "version" "3.16.0"
  
  "vscode-languageserver-types@3.17.0-next.3":
    "integrity" "sha512-VQcXnhKYxUW6OiRMhG++SzmZYMJwusXknJGd+FfdOnS1yHAo734OHyR0e2eEHDlv0/oWc8RZPgx/VKSKyondVg=="
    "resolved" "https://registry.npmjs.org/vscode-languageserver-types/-/vscode-languageserver-types-3.17.0-next.3.tgz"
    "version" "3.17.0-next.3"
  
  "vscode-languageserver@^8.0.0-next.1":
    "integrity" "sha512-7qCEXTeGZKkI8BGvlKh0JPXTY7BaWoiwQYKCcGaUgnMs34wt6F/yaKcxoC3XIouBBVyRxiI6Ml/JdztM3XYEaA=="
    "resolved" "https://registry.npmjs.org/vscode-languageserver/-/vscode-languageserver-8.0.0-next.2.tgz"
    "version" "8.0.0-next.2"
    dependencies:
      "vscode-languageserver-protocol" "3.17.0-next.8"
  
  "vscode-nls@^5.0.0":
    "integrity" "sha512-u0Lw+IYlgbEJFF6/qAqG2d1jQmJl0eyAGJHoAJqr2HT4M2BNuQYSEiSE75f52pXHSJm8AlTjnLLbBFPrdz2hpA=="
    "resolved" "https://registry.npmjs.org/vscode-nls/-/vscode-nls-5.0.0.tgz"
    "version" "5.0.0"
  
  "vscode-pug-languageservice@^0.26.14":
    "integrity" "sha512-Txzk/8r7r2R6pEJCWl3+kgrgF9cwG80Ho/W2CJFaWuxERE5zPl2NAVlOG3jEsg6+DrhIRQ13DNnTng42+ct8jA=="
    "resolved" "https://registry.npmjs.org/vscode-pug-languageservice/-/vscode-pug-languageservice-0.26.14.tgz"
    "version" "0.26.14"
    dependencies:
      "@volar/code-gen" "^0.26.14"
      "@volar/shared" "^0.26.14"
      "@volar/source-map" "^0.26.14"
      "@volar/transforms" "^0.26.14"
      "pug-lexer" "^5.0.1"
      "pug-parser" "^6.0.0"
      "vscode-languageserver" "^8.0.0-next.1"
  
  "vscode-typescript-languageservice@^0.26.14":
    "integrity" "sha512-Uqsn7SSaa4bsZo8IsYDHrz1AF1X9qWnfsRWXGKA1m2GBxgacNoZzcrr2ceCxCySGo6CgZzsJrNhui3lYSINrrQ=="
    "resolved" "https://registry.npmjs.org/vscode-typescript-languageservice/-/vscode-typescript-languageservice-0.26.14.tgz"
    "version" "0.26.14"
    dependencies:
      "@volar/shared" "^0.26.14"
      "upath" "^2.0.1"
      "vscode-languageserver" "^8.0.0-next.1"
      "vscode-languageserver-textdocument" "^1.0.1"
  
  "vscode-uri@^2.1.2":
    "integrity" "sha512-8TEXQxlldWAuIODdukIb+TR5s+9Ds40eSJrw+1iDDA9IFORPjMELarNQE3myz5XIkWWpdprmJjm1/SxMlWOC8A=="
    "resolved" "https://registry.npmjs.org/vscode-uri/-/vscode-uri-2.1.2.tgz"
    "version" "2.1.2"
  
  "vscode-uri@^3.0.2":
    "integrity" "sha512-jkjy6pjU1fxUvI51P+gCsxg1u2n8LSt0W6KrCNQceaziKzff74GoWmjVG46KieVzybO1sttPQmYfrwSHey7GUA=="
    "resolved" "https://registry.npmjs.org/vscode-uri/-/vscode-uri-3.0.2.tgz"
    "version" "3.0.2"
  
  "vscode-vue-languageservice@^0.26.6":
    "integrity" "sha512-71x4IQadsu3LYXefjeyfCTL6i71edWRzywyt3N2fvHyrHs6ZSNQBf+Vid5kye4Inn+/LxwDDesFoD81O8L5Zsg=="
    "resolved" "https://registry.npmjs.org/vscode-vue-languageservice/-/vscode-vue-languageservice-0.26.14.tgz"
    "version" "0.26.14"
    dependencies:
      "@volar/code-gen" "^0.26.14"
      "@volar/html2pug" "^0.26.14"
      "@volar/shared" "^0.26.14"
      "@volar/source-map" "^0.26.14"
      "@volar/transforms" "^0.26.14"
      "@vue/compiler-dom" "^3.2.0-beta.5"
      "@vue/compiler-sfc" "^3.2.0-beta.5"
      "@vue/reactivity" "^3.2.0-beta.5"
      "@vue/shared" "^3.2.0-beta.5"
      "jsonc-parser" "^3.0.0"
      "request-light" "^0.5.4"
      "upath" "^2.0.1"
      "vscode-css-languageservice" "^5.1.4"
      "vscode-emmet-helper" "^2.6.4"
      "vscode-html-languageservice" "^4.0.7"
      "vscode-json-languageservice" "^4.1.5"
      "vscode-languageserver" "^8.0.0-next.1"
      "vscode-languageserver-textdocument" "^1.0.1"
      "vscode-pug-languageservice" "^0.26.14"
      "vscode-typescript-languageservice" "^0.26.14"
  
  "vue-tsc@^0.2.2":
    "integrity" "sha512-91mzfGneWCuF83WTGRI9HA67IBUh5lrhujnFaHKWHQlpQFcBadkmz0BVoGAuJLQILetC5/CrY3is6FGiWFuY4w=="
    "resolved" "https://registry.npmjs.org/vue-tsc/-/vue-tsc-0.2.2.tgz"
    "version" "0.2.2"
    dependencies:
      "vscode-vue-languageservice" "^0.26.6"
  
  "vue@^3.0.5", "vue@3.1.5":
    "integrity" "sha512-Ho7HNb1nfDoO+HVb6qYZgeaobt1XbY6KXFe4HGs1b9X6RhkWG/113n4/SrtM1LUclM6OrP/Se5aPHHvAPG1iVQ=="
    "resolved" "https://registry.npmjs.org/vue/-/vue-3.1.5.tgz"
    "version" "3.1.5"
    dependencies:
      "@vue/compiler-dom" "3.1.5"
      "@vue/runtime-dom" "3.1.5"
      "@vue/shared" "3.1.5"
  
  "with@^7.0.0":
    "integrity" "sha512-RNGKj82nUPg3g5ygxkQl0R937xLyho1J24ItRCBTr/m1YnZkzJy1hUiHUJrc/VlsDQzsCnInEGSg3bci0Lmd4w=="
    "resolved" "https://registry.npmjs.org/with/-/with-7.0.2.tgz"
    "version" "7.0.2"
    dependencies:
      "@babel/parser" "^7.9.6"
      "@babel/types" "^7.9.6"
      "assert-never" "^1.2.1"
      "babel-walk" "3.0.0-canary-5"
  
  "wrappy@1":
    "integrity" "sha1-tSQ9jz7BqjXxNkYFvA0QNuMKtp8="
    "resolved" "https://registry.npmjs.org/wrappy/-/wrappy-1.0.2.tgz"
    "version" "1.0.2"
  
  "xtend@^4.0.2":
    "integrity" "sha512-LKYU1iAXJXUgAXn9URjiu+MWhyUXHsvfp7mcuYm9dSUKK0/CjtrUwFAxD82/mCWbtLsGjFIad0wIsod4zrTAEQ=="
    "resolved" "https://registry.npmjs.org/xtend/-/xtend-4.0.2.tgz"
    "version" "4.0.2"
  
  "yallist@^3.0.2":
    "integrity" "sha512-a4UGQaWPH59mOXUYnAG2ewncQS4i4F43Tv3JoAM+s2VDAmS9NsK8GpDMLrCHPksFT7h3K6TOoUNn2pb7RoXx4g=="
    "resolved" "https://registry.npmjs.org/yallist/-/yallist-3.1.1.tgz"
    "version" "3.1.1"
  
  "yaml@^1.10.0", "yaml@^1.10.2":
    "integrity" "sha512-r3vXyErRCYJ7wg28yvBY5VSoAF8ZvlcW9/BwUzEtUsjvX/DKs24dIkuwjtuprwJJHsbyUbLApepYTR1BN4uHrg=="
    "resolved" "https://registry.npmjs.org/yaml/-/yaml-1.10.2.tgz"
    "version" "1.10.2"
